{"level":"info","msg":"| 200 |  5.000750214s |       127.0.0.1 | GET  / |","time":"2019-04-03T16:51:28+08:00"}
{"level":"info","msg":"| 200 |  5.001139569s |       127.0.0.1 | GET  / |","time":"2019-04-03T16:52:00+08:00"}
time="2019-04-03T16:52:38+08:00" level=info msg=fefefe
time="2019-04-03T16:52:38+08:00" level=info msg=test file-line="gracefullyStartorEnd.go:192"
time="2019-04-03T16:52:38+08:00" level=info msg=msg file-line="gracefullyStartorEnd.go:193"
time="2019-04-03T16:52:38+08:00" level=info msg=dddd file-line="gracefullyStartorEnd.go:194"
time="2019-04-04T10:06:34+08:00" level=info msg="[0xc000120700 0xc000120800 0xc000120900 0xc000120a00 0xc000120b00 0xc000120c00 0xc000120d00 0xc000120e00 0xc000120f00 0xc000121000 0xc000121100] <nil>" file-line="main.go:92"
time="2019-04-04T10:06:34+08:00" level=info msg="map[]" file-line="main.go:97"
time="2019-04-04T10:06:34+08:00" level=info msg=fefefe
time="2019-04-04T10:06:34+08:00" level=info msg=test file-line="gracefullyStartorEnd.go:192"
time="2019-04-04T10:06:34+08:00" level=info msg=msg file-line="gracefullyStartorEnd.go:193"
time="2019-04-04T10:06:34+08:00" level=info msg=dddd file-line="gracefullyStartorEnd.go:194"
time="2019-04-04T10:08:42+08:00" level=warning msg="id 未输入" file-line="ksHelpController.go:14"
time="2019-04-04T10:08:42+08:00" level=info msg="| 500 |     126.237µs |             ::1 | GET  /help/get |"
time="2019-04-04T10:08:45+08:00" level=warning msg="id 未输入" file-line="ksHelpController.go:14"
time="2019-04-04T10:08:45+08:00" level=info msg="| 500 |     143.932µs |             ::1 | GET  /help/get |"
time="2019-04-04T10:08:46+08:00" level=warning msg="id 未输入" file-line="ksHelpController.go:14"
time="2019-04-04T10:08:46+08:00" level=info msg="| 500 |      76.338µs |             ::1 | GET  /help/get |"
time="2019-04-04T10:09:30+08:00" level=warning msg="id 未输入" file-line="ksHelpController.go:14"
time="2019-04-04T10:09:30+08:00" level=info msg="| 500 |     158.761µs |             ::1 | GET  /help/get |"
time="2019-04-04T10:09:31+08:00" level=warning msg="id 未输入" file-line="ksHelpController.go:14"
time="2019-04-04T10:09:31+08:00" level=info msg="| 500 |      88.703µs |             ::1 | GET  /help/get |"
time="2019-04-04T10:09:31+08:00" level=warning msg="id 未输入" file-line="ksHelpController.go:14"
time="2019-04-04T10:09:31+08:00" level=info msg="| 500 |      99.136µs |             ::1 | GET  /help/get |"
time="2019-04-04T10:09:40+08:00" level=info msg="Shutdown Server ..." file-line="gracefullyStartorEnd.go:221"
time="2019-04-04T10:09:40+08:00" level=info msg="Server exiting" file-line="gracefullyStartorEnd.go:227"
