{"level":"info","msg":"|200|           0s|            ::1|GET /getb","time":"2019-03-15T10:02:44+08:00"}
time="2019-03-15T10:15:24+08:00" level=info msg="|200|           0s|            ::1|GET /getb"
time="2019-03-15T10:16:27+08:00" level=info msg="|200|           0s|            ::1|GET /getc"
time="2019-03-15T10:19:53+08:00" level=info msg="|200|      997.8µs|            ::1|GET /getc"
{"level":"info","msg":"| 200 |            0s |             ::1 | GET  /getc |","time":"2019-03-15T16:23:25+08:00"}
{"level":"info","msg":"| 200 |            0s |             ::1 | GET  /getb |","time":"2019-03-15T17:06:26+08:00"}
time="2019-03-15T17:07:54+08:00" level=info msg=test
time="2019-03-15T17:07:54+08:00" level=info msg=msg
time="2019-03-15T17:07:54+08:00" level=info msg=dddd
{"level":"info","msg":"| 200 |            0s |             ::1 | GET  /getb |","time":"2019-03-15T17:09:34+08:00"}
time="2019-03-15T17:10:10+08:00" level=info msg="Shutdown Server ..."
time="2019-03-15T17:10:10+08:00" level=info msg="Server exiting"
time="2019-03-15T17:27:31+08:00" level=info msg=test
time="2019-03-15T17:27:31+08:00" level=info msg=msg
time="2019-03-15T17:27:31+08:00" level=info msg=dddd
{"level":"info","msg":"| 200 |       997.6µs |             ::1 | GET  /getb |","time":"2019-03-15T17:27:45+08:00"}
time="2019-03-15T17:27:49+08:00" level=info msg="Shutdown Server ..."
time="2019-03-15T17:27:49+08:00" level=info msg="Server exiting"
{"level":"info","msg":"| 200 |       984.4µs |             ::1 | GET  /getb |","time":"2019-03-15T17:28:57+08:00"}
time="2019-03-15T17:31:42+08:00" level=info msg=test
time="2019-03-15T17:31:42+08:00" level=info msg=msg
time="2019-03-15T17:31:42+08:00" level=info msg=dddd
time="2019-03-15T17:31:51+08:00" level=info msg="Shutdown Server ..."
time="2019-03-15T17:31:51+08:00" level=info msg="Server exiting"

