time="2019-03-15T15:59:37+08:00" level=info msg=test
time="2019-03-15T15:59:37+08:00" level=info msg=msg
time="2019-03-15T15:59:37+08:00" level=info msg=dddd
time="2019-03-15T16:00:20+08:00" level=info msg="Shutdown Server ..."
time="2019-03-15T16:00:20+08:00" level=info msg="Server exiting"
time="2019-03-15T16:05:48+08:00" level=info msg=test
time="2019-03-15T16:05:48+08:00" level=info msg=msg
time="2019-03-15T16:05:48+08:00" level=info msg=dddd
time="2019-03-15T16:06:15+08:00" level=info msg="Shutdown Server ..."
time="2019-03-15T16:06:15+08:00" level=info msg="Server exiting"
time="2019-03-15T16:06:46+08:00" level=info msg=test
time="2019-03-15T16:06:46+08:00" level=info msg=msg
time="2019-03-15T16:06:46+08:00" level=info msg=dddd
time="2019-03-15T16:08:34+08:00" level=info msg="Shutdown Server ..."
time="2019-03-15T16:08:34+08:00" level=info msg="Server exiting"
time="2019-03-15T16:08:35+08:00" level=info msg=test
time="2019-03-15T16:08:35+08:00" level=info msg=msg
time="2019-03-15T16:08:35+08:00" level=info msg=dddd
time="2019-03-15T16:08:49+08:00" level=info msg="Shutdown Server ..."
time="2019-03-15T16:08:49+08:00" level=info msg="Server exiting"
time="2019-03-15T16:08:51+08:00" level=info msg=test
time="2019-03-15T16:08:51+08:00" level=info msg=msg
time="2019-03-15T16:08:51+08:00" level=info msg=dddd
time="2019-03-15T16:10:54+08:00" level=info msg="Shutdown Server ..."
time="2019-03-15T16:10:54+08:00" level=info msg="Server exiting"
time="2019-03-15T16:10:56+08:00" level=info msg=test
time="2019-03-15T16:10:56+08:00" level=info msg=msg
time="2019-03-15T16:10:56+08:00" level=info msg=dddd
time="2019-03-15T16:12:32+08:00" level=info msg="Shutdown Server ..."
time="2019-03-15T16:12:32+08:00" level=info msg="Server exiting"
time="2019-03-15T16:12:34+08:00" level=info msg=test
time="2019-03-15T16:12:34+08:00" level=info msg=msg
time="2019-03-15T16:12:34+08:00" level=info msg=dddd
time="2019-03-15T16:17:44+08:00" level=info msg="Shutdown Server ..."
time="2019-03-15T16:17:44+08:00" level=info msg="Server exiting"
time="2019-03-15T16:17:45+08:00" level=info msg=test
time="2019-03-15T16:17:45+08:00" level=info msg=msg
time="2019-03-15T16:17:45+08:00" level=info msg=dddd
time="2019-03-15T16:18:09+08:00" level=info msg="Shutdown Server ..."
time="2019-03-15T16:18:09+08:00" level=info msg="Server exiting"
time="2019-03-15T16:22:59+08:00" level=info msg=test
time="2019-03-15T16:22:59+08:00" level=info msg=msg
time="2019-03-15T16:22:59+08:00" level=info msg=dddd
time="2019-03-15T16:23:42+08:00" level=info msg="Shutdown Server ..."
time="2019-03-15T16:23:42+08:00" level=info msg="Server exiting"
time="2019-03-15T16:28:11+08:00" level=info msg=test
time="2019-03-15T16:28:11+08:00" level=info msg=msg
time="2019-03-15T16:28:11+08:00" level=info msg=dddd
time="2019-03-15T16:31:18+08:00" level=info msg="Shutdown Server ..."
time="2019-03-15T16:31:18+08:00" level=info msg="Server exiting"
time="2019-03-15T16:33:08+08:00" level=info msg=test
time="2019-03-15T16:33:08+08:00" level=info msg=msg
time="2019-03-15T16:33:08+08:00" level=info msg=dddd
time="2019-03-15T16:33:13+08:00" level=info msg="| 200 |            0s |             ::1 | GET  /getc |"
time="2019-03-15T16:35:41+08:00" level=info msg="| 200 |            0s |             ::1 | GET  /getc |"
time="2019-03-15T16:35:50+08:00" level=info msg="| 200 |            0s |             ::1 | GET  /getc |"
time="2019-03-15T16:36:44+08:00" level=info msg="| 200 |            0s |             ::1 | GET  /getb |"
time="2019-03-15T16:38:01+08:00" level=info msg="Shutdown Server ..."
time="2019-03-15T16:38:01+08:00" level=info msg="Server exiting"
time="2019-03-15T16:39:23+08:00" level=info msg=test
time="2019-03-15T16:39:23+08:00" level=info msg=msg
time="2019-03-15T16:39:23+08:00" level=info msg=dddd
time="2019-03-15T16:39:38+08:00" level=info msg="| 200 |       997.9µs |             ::1 | GET  /getb |"
time="2019-03-15T16:45:51+08:00" level=info msg="Shutdown Server ..."
time="2019-03-15T16:45:51+08:00" level=info msg="Server exiting"
time="2019-03-15T16:45:53+08:00" level=info msg=test
time="2019-03-15T16:45:53+08:00" level=info msg=msg
time="2019-03-15T16:45:53+08:00" level=info msg=dddd
time="2019-03-15T16:51:15+08:00" level=info msg="Shutdown Server ..."
time="2019-03-15T16:51:15+08:00" level=info msg="Server exiting"
time="2019-03-15T16:51:17+08:00" level=info msg=test
time="2019-03-15T16:51:17+08:00" level=info msg=msg
time="2019-03-15T16:51:17+08:00" level=info msg=dddd
time="2019-03-15T16:52:59+08:00" level=info msg="Shutdown Server ..."
time="2019-03-15T16:52:59+08:00" level=info msg="Server exiting"
time="2019-03-15T16:53:00+08:00" level=info msg=test
time="2019-03-15T16:53:00+08:00" level=info msg=msg
time="2019-03-15T16:53:00+08:00" level=info msg=dddd
time="2019-03-15T16:53:38+08:00" level=info msg="| 200 |            0s |             ::1 | GET  /getb |"
time="2019-03-15T17:04:36+08:00" level=info msg="Shutdown Server ..."
time="2019-03-15T17:04:36+08:00" level=info msg="Server exiting"
time="2019-03-15T17:04:38+08:00" level=info msg=test
time="2019-03-15T17:04:38+08:00" level=info msg=msg
time="2019-03-15T17:04:38+08:00" level=info msg=dddd
time="2019-03-15T17:05:50+08:00" level=info msg="Shutdown Server ..."
time="2019-03-15T17:05:50+08:00" level=info msg="Server exiting"
time="2019-03-15T17:05:52+08:00" level=info msg=test
time="2019-03-15T17:05:52+08:00" level=info msg=msg
time="2019-03-15T17:05:52+08:00" level=info msg=dddd
time="2019-03-15T17:07:53+08:00" level=info msg="Shutdown Server ..."
time="2019-03-15T17:07:53+08:00" level=info msg="Server exiting"
