{"level":"info","msg":"| 200 |       998.1µs |             ::1 | GET  /getb |","time":"2019-03-25T10:18:43+08:00"}
{"level":"info","msg":"| 200 |            0s |             ::1 | GET  /getb |","time":"2019-03-25T10:22:40+08:00"}
{"level":"info","msg":"| 200 |            0s |             ::1 | GET  /getb |","time":"2019-03-25T10:49:55+08:00"}
{"level":"info","msg":"| 200 |            0s |             ::1 | GET  /getb |","time":"2019-03-25T10:55:54+08:00"}
{"level":"info","msg":"| 200 |       997.3µs |             ::1 | GET  /getb |","time":"2019-03-25T10:56:50+08:00"}
{"level":"info","msg":"| 200 |            0s |             ::1 | GET  /getb |","time":"2019-03-25T13:33:37+08:00"}
{"level":"info","msg":"| 500 |      1.9945ms |             ::1 | GET  /getb |","time":"2019-03-25T14:42:39+08:00"}
{"level":"info","msg":"| 500 | 4m39.2483415s |             ::1 | GET  /getb |","time":"2019-03-25T14:48:33+08:00"}
{"level":"info","msg":"| 200 | 2m24.2083326s |             ::1 | GET  /getb |","time":"2019-03-25T14:52:04+08:00"}
{"level":"info","msg":"| 200 | 1m40.9072538s |             ::1 | GET  /getb |","time":"2019-03-25T14:55:14+08:00"}
{"level":"info","msg":"| 200 |   31.8716018s |             ::1 | GET  /getb |","time":"2019-03-25T15:53:22+08:00"}
{"level":"info","msg":"| 401 | 2m52.0129331s |             ::1 | GET  /getb |","time":"2019-03-25T15:56:24+08:00"}
{"level":"info","msg":"| 401 |   20.3262681s |             ::1 | GET  /getb |","time":"2019-03-25T15:56:57+08:00"}
{"level":"info","msg":"| 200 |   32.1611955s |             ::1 | GET  /getb |","time":"2019-03-25T15:57:29+08:00"}
{"level":"info","msg":"| 401 |  1m5.6168308s |             ::1 | GET  /getb |","time":"2019-03-25T15:58:45+08:00"}
{"level":"info","msg":"| 200 |   19.1649265s |             ::1 | GET  /getb |","time":"2019-03-25T15:59:07+08:00"}
{"level":"info","msg":"| 200 |    4.3442854s |             ::1 | GET  /getb |","time":"2019-03-25T15:59:20+08:00"}
{"level":"info","msg":"| 200 |  2m7.4054984s |             ::1 | GET  /getb |","time":"2019-03-25T16:01:29+08:00"}
{"level":"info","msg":"| 200 |   51.9520717s |             ::1 | GET  /getb |","time":"2019-03-25T16:02:43+08:00"}
{"level":"info","msg":"| 200 |    7.7768162s |             ::1 | GET  /getb |","time":"2019-03-25T16:03:25+08:00"}
{"level":"info","msg":"| 200 |            0s |             ::1 | GET  /getb |","time":"2019-03-25T16:10:33+08:00"}
{"level":"info","msg":"| 401 |            0s |             ::1 | GET  /getb |","time":"2019-03-25T16:10:47+08:00"}
{"level":"info","msg":"| 200 |            0s |             ::1 | GET  /getb |","time":"2019-03-25T16:11:19+08:00"}
{"level":"info","msg":"| 200 |            0s |             ::1 | GET  /getb |","time":"2019-03-25T16:12:06+08:00"}
{"level":"info","msg":"| 200 |            0s |             ::1 | GET  /getb |","time":"2019-03-25T16:12:24+08:00"}
{"level":"info","msg":"| 200 |            0s |             ::1 | GET  /getb |","time":"2019-03-25T16:12:41+08:00"}
{"level":"info","msg":"| 401 |            0s |             ::1 | GET  /getb |","time":"2019-03-25T16:13:58+08:00"}
{"level":"info","msg":"| 200 |            0s |             ::1 | GET  /getb |","time":"2019-03-25T16:14:26+08:00"}
{"level":"info","msg":"| 200 | 4m28.2029459s |             ::1 | GET  /getb |","time":"2019-03-25T16:19:14+08:00"}
{"level":"info","msg":"| 200 |    6.3320907s |             ::1 | GET  /getb |","time":"2019-03-25T16:19:22+08:00"}
{"level":"info","msg":"| 200 |  4m22.883879s |             ::1 | GET  /getb |","time":"2019-03-25T16:23:46+08:00"}
{"level":"info","msg":"| 200 |   14.6568157s |             ::1 | GET  /getb |","time":"2019-03-25T16:24:06+08:00"}
{"level":"info","msg":"| 200 |    9.3900505s |             ::1 | GET  /getb |","time":"2019-03-25T16:24:26+08:00"}
{"level":"info","msg":"| 401 |      1.0004ms |             ::1 | GET  /getb |","time":"2019-03-25T16:32:57+08:00"}
{"level":"info","msg":"| 200 |            0s |             ::1 | GET  /getb |","time":"2019-03-25T16:33:25+08:00"}
{"level":"info","msg":"| 200 |       998.7µs |             ::1 | GET  /getb |","time":"2019-03-25T16:33:51+08:00"}
{"level":"info","msg":"| 200 |   23.3146056s |             ::1 | GET  /getb |","time":"2019-03-25T16:34:23+08:00"}
