{"level":"info","msg":"| 200 |            0s |             ::1 | GET  /getb |","time":"2019-03-26T09:24:51+08:00"}
{"level":"info","msg":"| 200 |       998.1µs |             ::1 | GET  /getb |","time":"2019-03-26T09:27:49+08:00"}
{"level":"info","msg":"| 200 |      1.0296ms |             ::1 | GET  /getb |","time":"2019-03-26T09:44:37+08:00"}
{"level":"info","msg":"| 401 |            0s |             ::1 | POST  /login |","time":"2019-03-26T10:13:06+08:00"}
{"level":"info","msg":"| 401 |            0s |             ::1 | POST  /login |","time":"2019-03-26T10:13:53+08:00"}
{"level":"info","msg":"| 401 |   46.9008618s |             ::1 | POST  /login |","time":"2019-03-26T10:15:21+08:00"}
{"level":"info","msg":"| 200 |   48.5302394s |             ::1 | POST  /login |","time":"2019-03-26T10:16:11+08:00"}
{"level":"info","msg":"| 200 |   26.1336086s |             ::1 | POST  /login |","time":"2019-03-26T11:11:25+08:00"}
{"level":"info","msg":"| 401 |    33.934493s |             ::1 | POST  /welcome |","time":"2019-03-26T11:12:14+08:00"}
{"level":"info","msg":"| 401 |   55.5933601s |             ::1 | POST  /welcome |","time":"2019-03-26T11:13:59+08:00"}
{"level":"info","msg":"| 401 |  5m48.459105s |             ::1 | POST  /welcome |","time":"2019-03-26T11:20:24+08:00"}
{"level":"info","msg":"| 400 | 1m12.5071243s |             ::1 | POST  /welcome |","time":"2019-03-26T11:27:54+08:00"}
{"level":"info","msg":"| 401 |   30.4299472s |             ::1 | POST  /welcome |","time":"2019-03-26T11:29:03+08:00"}
{"level":"info","msg":"| 200 |   25.8378568s |             ::1 | POST  /login |","time":"2019-03-26T11:31:37+08:00"}
{"level":"info","msg":"| 401 |   11.7538189s |             ::1 | POST  /welcome |","time":"2019-03-26T11:32:41+08:00"}
{"level":"info","msg":"| 200 |   26.5254351s |             ::1 | POST  /welcome |","time":"2019-03-26T11:34:15+08:00"}
{"level":"info","msg":"| 200 |   17.1321611s |             ::1 | POST  /login |","time":"2019-03-26T11:35:12+08:00"}
{"level":"info","msg":"| 200 |    8.3446615s |             ::1 | POST  /welcome |","time":"2019-03-26T11:35:48+08:00"}
{"level":"info","msg":"| 200 |       997.5µs |             ::1 | POST  /login |","time":"2019-03-26T11:39:43+08:00"}
{"level":"info","msg":"| 200 |            0s |             ::1 | POST  /welcome |","time":"2019-03-26T11:39:57+08:00"}
{"level":"info","msg":"| 200 |            0s |             ::1 | POST  /login |","time":"2019-03-26T11:40:02+08:00"}
{"level":"info","msg":"| 200 |            0s |             ::1 | POST  /welcome |","time":"2019-03-26T11:40:04+08:00"}
{"level":"info","msg":"| 401 |       997.5µs |             ::1 | POST  /welcome |","time":"2019-03-26T13:09:45+08:00"}
{"level":"info","msg":"| 200 |            0s |             ::1 | POST  /login |","time":"2019-03-26T13:09:58+08:00"}
{"level":"info","msg":"| 200 |            0s |             ::1 | POST  /welcome |","time":"2019-03-26T13:10:05+08:00"}
{"level":"info","msg":"| 200 |            0s |             ::1 | POST  /welcome |","time":"2019-03-26T13:13:58+08:00"}
{"level":"info","msg":"| 200 |            0s |             ::1 | POST  /welcome |","time":"2019-03-26T13:14:14+08:00"}
{"level":"info","msg":"| 200 |            0s |             ::1 | POST  /welcome |","time":"2019-03-26T13:14:16+08:00"}
{"level":"info","msg":"| 200 |            0s |             ::1 | POST  /welcome |","time":"2019-03-26T13:14:17+08:00"}
{"level":"info","msg":"| 200 |            0s |             ::1 | POST  /welcome |","time":"2019-03-26T13:14:46+08:00"}
{"level":"info","msg":"| 401 |            0s |             ::1 | POST  /welcome |","time":"2019-03-26T13:32:03+08:00"}
{"level":"info","msg":"| 200 |            0s |             ::1 | POST  /login |","time":"2019-03-26T15:52:17+08:00"}
{"level":"info","msg":"| 200 |            0s |             ::1 | POST  /login |","time":"2019-03-26T15:53:04+08:00"}
{"level":"info","msg":"| 200 |            0s |             ::1 | POST  /welcome |","time":"2019-03-26T15:53:09+08:00"}
{"level":"info","msg":"| 200 |            0s |             ::1 | POST  /welcome |","time":"2019-03-26T15:53:24+08:00"}
{"level":"info","msg":"| 200 |       996.9µs |             ::1 | POST  /login |","time":"2019-03-26T17:14:03+08:00"}
{"level":"info","msg":"| 200 |            0s |             ::1 | POST  /welcome |","time":"2019-03-26T17:16:49+08:00"}
{"level":"info","msg":"| 200 |       998.7µs |             ::1 | POST  /login |","time":"2019-03-26T17:24:31+08:00"}
{"level":"info","msg":"| 401 |            0s |             ::1 | POST  /welcome |","time":"2019-03-26T17:25:41+08:00"}
{"level":"info","msg":"| 401 |       997.9µs |             ::1 | POST  /welcome |","time":"2019-03-26T17:26:59+08:00"}
