{"level":"info","msg":"| 200 |  2m3.0670902s |             ::1 | POST  /login |","time":"2019-03-27T10:56:49+08:00"}
{"level":"info","msg":"| 401 |            0s |             ::1 | POST  /welcome |","time":"2019-03-27T10:57:38+08:00"}
{"level":"info","msg":"| 401 | 1m20.0277216s |             ::1 | POST  /welcome |","time":"2019-03-27T10:59:50+08:00"}
{"level":"info","msg":"| 401 |   35.1881895s |             ::1 | POST  /welcome |","time":"2019-03-27T11:39:04+08:00"}
{"level":"info","msg":"| 200 |    5.6926256s |             ::1 | POST  /login |","time":"2019-03-27T11:39:19+08:00"}
{"level":"info","msg":"| 401 |   14.9823104s |             ::1 | POST  /welcome |","time":"2019-03-27T11:39:56+08:00"}
{"level":"info","msg":"| 200 |   33.5338331s |             ::1 | POST  /welcome |","time":"2019-03-27T11:40:47+08:00"}
{"level":"info","msg":"| 200 |  1m1.8901985s |             ::1 | POST  /login |","time":"2019-03-27T13:22:55+08:00"}
{"level":"info","msg":"| 200 |   19.4104935s |             ::1 | POST  /login |","time":"2019-03-27T13:23:46+08:00"}
{"level":"info","msg":"| 200 |   52.9584129s |             ::1 | POST  /welcome |","time":"2019-03-27T13:25:16+08:00"}
{"level":"info","msg":"| 401 |       998.7µs |             ::1 | POST  /welcome |","time":"2019-03-27T16:31:36+08:00"}
{"level":"info","msg":"| 401 |            0s |             ::1 | POST  /welcome |","time":"2019-03-27T16:31:39+08:00"}
{"level":"info","msg":"| 401 |   10.9315871s |             ::1 | POST  /welcome |","time":"2019-03-27T16:31:56+08:00"}
{"level":"info","msg":"| 401 |   18.2170247s |             ::1 | POST  /refresh |","time":"2019-03-27T16:32:39+08:00"}
{"level":"info","msg":"| 200 |       997.6µs |             ::1 | POST  /login |","time":"2019-03-27T16:32:59+08:00"}
{"level":"info","msg":"| 200 |   16.2742953s |             ::1 | POST  /welcome |","time":"2019-03-27T16:34:11+08:00"}
{"level":"info","msg":"| 401 |    5.6227967s |             ::1 | POST  /refresh |","time":"2019-03-27T16:34:33+08:00"}
{"level":"info","msg":"| 400 |   30.1524753s |             ::1 | POST  /refresh |","time":"2019-03-27T16:35:07+08:00"}
{"level":"info","msg":"| 400 |    2.2196171s |             ::1 | POST  /refresh |","time":"2019-03-27T16:37:27+08:00"}
{"level":"info","msg":"| 200 |            0s |             ::1 | POST  /refresh |","time":"2019-03-27T16:37:33+08:00"}
{"level":"info","msg":"| 200 |            0s |             ::1 | POST  /login |","time":"2019-03-27T16:39:07+08:00"}
{"level":"info","msg":"| 200 |       971.4µs |             ::1 | POST  /login |","time":"2019-03-27T16:39:55+08:00"}
{"level":"info","msg":"| 200 |       996.7µs |             ::1 | POST  /login |","time":"2019-03-27T16:41:13+08:00"}
{"level":"info","msg":"| 200 |            0s |             ::1 | POST  /login |","time":"2019-03-27T16:42:32+08:00"}
{"level":"info","msg":"| 200 |      1.0084ms |             ::1 | POST  /login |","time":"2019-03-27T16:44:23+08:00"}
{"level":"info","msg":"| 401 |            0s |             ::1 | POST  /welcome |","time":"2019-03-27T16:45:07+08:00"}
{"level":"info","msg":"| 200 |            0s |             ::1 | POST  /welcome |","time":"2019-03-27T16:45:30+08:00"}
{"level":"info","msg":"| 400 |            0s |             ::1 | POST  /refresh |","time":"2019-03-27T16:45:39+08:00"}
{"level":"info","msg":"| 200 |            0s |             ::1 | POST  /refresh |","time":"2019-03-27T16:49:00+08:00"}
{"level":"info","msg":"| 401 |            0s |             ::1 | POST  /refresh |","time":"2019-03-27T16:50:26+08:00"}
{"level":"info","msg":"| 401 |            0s |             ::1 | POST  /welcome |","time":"2019-03-27T16:50:35+08:00"}
{"level":"info","msg":"| 200 |            0s |             ::1 | POST  /login |","time":"2019-03-27T16:50:41+08:00"}
{"level":"info","msg":"| 200 |            0s |             ::1 | POST  /welcome |","time":"2019-03-27T16:51:06+08:00"}
{"level":"info","msg":"| 200 |            0s |             ::1 | POST  /refresh |","time":"2019-03-27T16:51:26+08:00"}
{"level":"info","msg":"| 200 |            0s |             ::1 | POST  /refresh |","time":"2019-03-27T16:51:48+08:00"}
{"level":"info","msg":"| 200 |            0s |             ::1 | POST  /refresh |","time":"2019-03-27T16:51:58+08:00"}
{"level":"info","msg":"| 200 |       998.9µs |             ::1 | POST  /login |","time":"2019-03-27T16:53:07+08:00"}
{"level":"info","msg":"| 200 |            0s |             ::1 | POST  /welcome |","time":"2019-03-27T16:53:20+08:00"}
{"level":"info","msg":"| 200 |            0s |             ::1 | POST  /refresh |","time":"2019-03-27T16:53:26+08:00"}
{"level":"info","msg":"| 200 |            0s |             ::1 | POST  /refresh |","time":"2019-03-27T16:55:36+08:00"}
{"level":"info","msg":"| 200 |       997.2µs |             ::1 | POST  /refresh |","time":"2019-03-27T16:56:30+08:00"}
{"level":"info","msg":"| 200 |            0s |             ::1 | POST  /refresh |","time":"2019-03-27T16:57:22+08:00"}
{"level":"info","msg":"| 401 |            0s |             ::1 | POST  /refresh |","time":"2019-03-27T17:05:13+08:00"}
{"level":"info","msg":"| 200 |       997.3µs |             ::1 | POST  /login |","time":"2019-03-27T17:05:19+08:00"}
{"level":"info","msg":"| 200 |            0s |             ::1 | POST  /login |","time":"2019-03-27T17:05:30+08:00"}
{"level":"info","msg":"| 200 |            0s |             ::1 | POST  /refresh |","time":"2019-03-27T17:05:45+08:00"}
{"level":"info","msg":"| 200 |       997.3µs |             ::1 | POST  /refresh |","time":"2019-03-27T17:06:38+08:00"}
{"level":"info","msg":"| 200 |            0s |             ::1 | POST  /refresh |","time":"2019-03-27T17:07:12+08:00"}
{"level":"info","msg":"| 500 |   26.3367422s |             ::1 | GET  /getb |","time":"2019-03-27T17:22:06+08:00"}
{"level":"info","msg":"| 500 |   26.6318366s |             ::1 | GET  /getb |","time":"2019-03-27T17:22:46+08:00"}
{"level":"info","msg":"| 500 |   43.1337283s |             ::1 | GET  /getb |","time":"2019-03-27T17:24:02+08:00"}
{"level":"info","msg":"| 500 |      2.9915ms |             ::1 | GET  /getb |","time":"2019-03-27T17:26:25+08:00"}
{"level":"info","msg":"| 500 |   12.5673193s |             ::1 | GET  /getb |","time":"2019-03-27T17:26:46+08:00"}
{"level":"info","msg":"| 400 |    6.4880723s |             ::1 | GET  /getb |","time":"2019-03-27T17:27:17+08:00"}
{"level":"info","msg":"| 200 |            0s |             ::1 | POST  /login |","time":"2019-03-27T17:27:36+08:00"}
{"level":"info","msg":"| 401 |   26.4414043s |             ::1 | GET  /getb |","time":"2019-03-27T17:29:05+08:00"}
{"level":"info","msg":"| 200 |       999.2µs |             ::1 | POST  /login |","time":"2019-03-27T17:29:19+08:00"}
{"level":"info","msg":"| 200 |   15.2348045s |             ::1 | GET  /getb |","time":"2019-03-27T17:29:50+08:00"}
{"level":"info","msg":"| 200 |            0s |             ::1 | GET  /getb |","time":"2019-03-27T17:32:59+08:00"}
{"level":"info","msg":"| 200 |            0s |             ::1 | GET  /getb |","time":"2019-03-27T17:33:00+08:00"}
{"level":"info","msg":"| 200 |            0s |             ::1 | GET  /getb |","time":"2019-03-27T17:33:01+08:00"}
{"level":"info","msg":"| 200 |            0s |             ::1 | GET  /getb |","time":"2019-03-27T17:33:44+08:00"}
{"level":"info","msg":"| 200 |            0s |             ::1 | GET  /getb |","time":"2019-03-27T17:43:20+08:00"}
{"level":"info","msg":"| 200 |      1.0058ms |             ::1 | POST  /login |","time":"2019-03-27T18:04:11+08:00"}
{"level":"info","msg":"| 200 |            0s |             ::1 | POST  /welcome |","time":"2019-03-27T18:04:30+08:00"}
{"level":"info","msg":"| 400 |       995.8µs |             ::1 | GET  /getb |","time":"2019-03-27T18:04:34+08:00"}
{"level":"info","msg":"| 400 |            0s |             ::1 | GET  /getb |","time":"2019-03-27T18:04:40+08:00"}
{"level":"info","msg":"| 200 |            0s |             ::1 | POST  /refresh |","time":"2019-03-27T18:04:45+08:00"}
{"level":"info","msg":"| 400 |       995.9µs |             ::1 | GET  /getb |","time":"2019-03-27T18:04:55+08:00"}
{"level":"info","msg":"| 200 |            0s |             ::1 | POST  /welcome |","time":"2019-03-27T18:04:59+08:00"}
{"level":"info","msg":"| 200 |            0s |             ::1 | GET  /getb |","time":"2019-03-27T18:05:41+08:00"}
{"level":"info","msg":"| 200 |            0s |             ::1 | POST  /refresh |","time":"2019-03-27T18:05:45+08:00"}
{"level":"info","msg":"| 200 |            0s |             ::1 | GET  /getb |","time":"2019-03-27T18:06:00+08:00"}
{"level":"info","msg":"| 200 |            0s |             ::1 | GET  /getb |","time":"2019-03-27T18:06:01+08:00"}
{"level":"info","msg":"| 200 |            0s |             ::1 | GET  /getb |","time":"2019-03-27T18:06:02+08:00"}
