time="2019-03-25T09:10:59+08:00" level=info msg=test file-line="gracefullyStartorEnd.go:217"
time="2019-03-25T09:10:59+08:00" level=info msg=msg file-line="gracefullyStartorEnd.go:218"
time="2019-03-25T09:10:59+08:00" level=info msg=dddd file-line="gracefullyStartorEnd.go:219"
time="2019-03-25T09:11:29+08:00" level=info msg="{{aaa} }" file-line="gracefullyStartorEnd.go:48"
time="2019-03-25T09:11:29+08:00" level=info msg="| 200 |       994.4µs |             ::1 | GET  /getb |"
time="2019-03-25T09:12:49+08:00" level=info msg="Shutdown Server ..." file-line="gracefullyStartorEnd.go:242"
time="2019-03-25T09:12:49+08:00" level=info msg="Server exiting" file-line="gracefullyStartorEnd.go:248"
time="2019-03-25T09:14:04+08:00" level=info msg=test file-line="gracefullyStartorEnd.go:217"
time="2019-03-25T09:14:04+08:00" level=info msg=msg file-line="gracefullyStartorEnd.go:218"
time="2019-03-25T09:14:04+08:00" level=info msg=dddd file-line="gracefullyStartorEnd.go:219"
time="2019-03-25T09:14:10+08:00" level=info msg="{{aaa} }" file-line="gracefullyStartorEnd.go:48"
time="2019-03-25T09:14:10+08:00" level=info msg="| 200 |            0s |             ::1 | GET  /getb |"
time="2019-03-25T10:17:24+08:00" level=info msg=test file-line="gracefullyStartorEnd.go:217"
time="2019-03-25T10:17:24+08:00" level=info msg=msg file-line="gracefullyStartorEnd.go:218"
time="2019-03-25T10:17:24+08:00" level=info msg=dddd file-line="gracefullyStartorEnd.go:219"
time="2019-03-25T10:17:31+08:00" level=info msg="Shutdown Server ..." file-line="gracefullyStartorEnd.go:242"
time="2019-03-25T10:17:31+08:00" level=info msg="Server exiting" file-line="gracefullyStartorEnd.go:248"
time="2019-03-25T10:18:07+08:00" level=info msg="Shutdown Server ..." file-line="gracefullyStartorEnd.go:242"
time="2019-03-25T10:18:07+08:00" level=info msg="Server exiting" file-line="gracefullyStartorEnd.go:248"
time="2019-03-25T10:18:09+08:00" level=info msg=test file-line="gracefullyStartorEnd.go:217"
time="2019-03-25T10:18:09+08:00" level=info msg=msg file-line="gracefullyStartorEnd.go:218"
time="2019-03-25T10:18:09+08:00" level=info msg=dddd file-line="gracefullyStartorEnd.go:219"
time="2019-03-25T10:18:43+08:00" level=info msg="{{aaa} }" file-line="gracefullyStartorEnd.go:48"
time="2019-03-25T10:19:29+08:00" level=info msg="Shutdown Server ..." file-line="gracefullyStartorEnd.go:242"
time="2019-03-25T10:19:29+08:00" level=info msg="Server exiting" file-line="gracefullyStartorEnd.go:248"
time="2019-03-25T10:20:50+08:00" level=info msg=test file-line="gracefullyStartorEnd.go:217"
time="2019-03-25T10:20:50+08:00" level=info msg=msg file-line="gracefullyStartorEnd.go:218"
time="2019-03-25T10:20:50+08:00" level=info msg=dddd file-line="gracefullyStartorEnd.go:219"
time="2019-03-25T10:22:11+08:00" level=info msg="Shutdown Server ..." file-line="gracefullyStartorEnd.go:242"
time="2019-03-25T10:22:11+08:00" level=info msg="Server exiting" file-line="gracefullyStartorEnd.go:248"
time="2019-03-25T10:22:31+08:00" level=info msg=test file-line="gracefullyStartorEnd.go:217"
time="2019-03-25T10:22:31+08:00" level=info msg=msg file-line="gracefullyStartorEnd.go:218"
time="2019-03-25T10:22:31+08:00" level=info msg=dddd file-line="gracefullyStartorEnd.go:219"
time="2019-03-25T10:22:40+08:00" level=info msg="{{aaa} }" file-line="gracefullyStartorEnd.go:48"
time="2019-03-25T10:23:41+08:00" level=info msg="Shutdown Server ..." file-line="gracefullyStartorEnd.go:242"
time="2019-03-25T10:23:41+08:00" level=info msg="Server exiting" file-line="gracefullyStartorEnd.go:248"
time="2019-03-25T10:49:51+08:00" level=info msg=test file-line="gracefullyStartorEnd.go:193"
time="2019-03-25T10:49:51+08:00" level=info msg=msg file-line="gracefullyStartorEnd.go:194"
time="2019-03-25T10:49:51+08:00" level=info msg=dddd file-line="gracefullyStartorEnd.go:195"
time="2019-03-25T10:49:55+08:00" level=info msg="{{aaa} }" file-line="bHandler.go:12"
time="2019-03-25T10:52:59+08:00" level=info msg="Shutdown Server ..." file-line="gracefullyStartorEnd.go:218"
time="2019-03-25T10:52:59+08:00" level=info msg="Server exiting" file-line="gracefullyStartorEnd.go:224"
time="2019-03-25T10:55:30+08:00" level=info msg=test file-line="gracefullyStartorEnd.go:193"
time="2019-03-25T10:55:30+08:00" level=info msg=msg file-line="gracefullyStartorEnd.go:194"
time="2019-03-25T10:55:30+08:00" level=info msg=dddd file-line="gracefullyStartorEnd.go:195"
time="2019-03-25T10:55:54+08:00" level=info msg="{{aaa} }" file-line="bHandler.go:12"
time="2019-03-25T10:56:50+08:00" level=info msg="{{aaa} }" file-line="bHandler.go:12"
time="2019-03-25T13:30:04+08:00" level=info msg="Shutdown Server ..." file-line="gracefullyStartorEnd.go:218"
time="2019-03-25T13:30:04+08:00" level=info msg="Server exiting" file-line="gracefullyStartorEnd.go:224"
time="2019-03-25T13:30:36+08:00" level=info msg=test file-line="gracefullyStartorEnd.go:193"
time="2019-03-25T13:30:36+08:00" level=info msg=msg file-line="gracefullyStartorEnd.go:194"
time="2019-03-25T13:30:36+08:00" level=info msg=dddd file-line="gracefullyStartorEnd.go:195"
time="2019-03-25T13:33:37+08:00" level=info msg="{{aaa} }" file-line="bHandler.go:13"
time="2019-03-25T13:56:43+08:00" level=info msg="map[exp:1553493403839833900 iat:0]" file-line="jwt.go:17"
time="2019-03-25T14:05:12+08:00" level=info msg="map[exp:1553493912614599300 iat:0 loca:1553493912614599300 local:1553493912614599300]" file-line="jwt.go:17"
time="2019-03-25T14:06:11+08:00" level=info msg="map[exp:1553493940089992100 iat:0 loca:1553493940089992100 local:1553493940089992100]" file-line="jwt.go:17"
time="2019-03-25T14:06:40+08:00" level=info msg="map[exp:1553494000608196400 iat:0 loca:1553494000608196400 local:1553494000608196400]" file-line="jwt.go:17"
time="2019-03-25T14:06:53+08:00" level=info msg="map[exp:1553494010549309100 iat:0 loca:1553494010549309100 local:1553494010549309100]" file-line="jwt.go:17"
time="2019-03-25T14:13:19+08:00" level=info msg="map[exp:1553494335896842800 iat:0 loca:1553494335896842800 local:1553494335896842800]" file-line="jwt.go:17"
time="2019-03-25T14:42:27+08:00" level=info msg="map[exp:1553496147499770800 iat:0 loca:1553496147499770800 local:1553496147499770800]" file-line="jwt.go:17"
time="2019-03-25T14:42:31+08:00" level=info msg="Shutdown Server ..." file-line="gracefullyStartorEnd.go:218"
time="2019-03-25T14:42:31+08:00" level=info msg="Server exiting" file-line="gracefullyStartorEnd.go:224"
time="2019-03-25T14:42:33+08:00" level=info msg=test file-line="gracefullyStartorEnd.go:193"
time="2019-03-25T14:42:33+08:00" level=info msg=msg file-line="gracefullyStartorEnd.go:194"
time="2019-03-25T14:42:33+08:00" level=info msg=dddd file-line="gracefullyStartorEnd.go:195"
time="2019-03-25T14:42:39+08:00" level=info msg="map[name:xiaoming]" file-line="jwt.go:17"
time="2019-03-25T14:42:39+08:00" level=info msg=eyJhbGciOiJIUzI1NiIsInR5cCI6IkpXVCJ9.eyJuYW1lIjoieGlhb21pbmcifQ.PdTwJAfswkCm5Tl7bQ_ihFjkBe3Ix7byNdb3PAX84cM file-line="bHandler.go:18"
time="2019-03-25T14:43:34+08:00" level=info msg="Shutdown Server ..." file-line="gracefullyStartorEnd.go:218"
time="2019-03-25T14:43:34+08:00" level=info msg="Server exiting" file-line="gracefullyStartorEnd.go:224"
time="2019-03-25T14:43:49+08:00" level=info msg=test file-line="gracefullyStartorEnd.go:193"
time="2019-03-25T14:43:49+08:00" level=info msg=msg file-line="gracefullyStartorEnd.go:194"
time="2019-03-25T14:43:49+08:00" level=info msg=dddd file-line="gracefullyStartorEnd.go:195"
time="2019-03-25T14:44:18+08:00" level=info msg="map[name:xiaoming]" file-line="jwt.go:17"
time="2019-03-25T14:44:21+08:00" level=info msg=eyJhbGciOiJIUzI1NiIsInR5cCI6IkpXVCJ9.eyJuYW1lIjoieGlhb21pbmcifQ.PdTwJAfswkCm5Tl7bQ_ihFjkBe3Ix7byNdb3PAX84cM file-line="bHandler.go:18"
time="2019-03-25T14:49:12+08:00" level=info msg="Shutdown Server ..." file-line="gracefullyStartorEnd.go:218"
time="2019-03-25T14:49:12+08:00" level=info msg="Server exiting" file-line="gracefullyStartorEnd.go:224"
time="2019-03-25T14:49:30+08:00" level=info msg=test file-line="gracefullyStartorEnd.go:193"
time="2019-03-25T14:49:30+08:00" level=info msg=msg file-line="gracefullyStartorEnd.go:194"
time="2019-03-25T14:49:30+08:00" level=info msg=dddd file-line="gracefullyStartorEnd.go:195"
time="2019-03-25T14:51:56+08:00" level=info msg="map[name:xiaoming]" file-line="jwt.go:17"
time="2019-03-25T14:51:56+08:00" level=info msg=eyJhbGciOiJIUzI1NiIsInR5cCI6IkpXVCJ9.eyJuYW1lIjoieGlhb21pbmcifQ.PdTwJAfswkCm5Tl7bQ_ihFjkBe3Ix7byNdb3PAX84cM file-line="bHandler.go:18"
time="2019-03-25T14:51:58+08:00" level=info msg="{{aaa}  }" file-line="bHandler.go:23"
time="2019-03-25T14:54:01+08:00" level=info msg=true file-line="bHandler.go:21"
time="2019-03-25T14:54:08+08:00" level=info msg="{{aaa}  eyJhbGciOiJIUzI1NiIsInR5cCI6IkpXVCJ9.eyJuYW1lIjoieGlhb21pbmcifQ.PdTwJAfswkCm5Tl7bQ_ihFjkBe3Ix7byNdb3PAX84cM}" file-line="bHandler.go:23"
time="2019-03-25T15:52:38+08:00" level=info msg="Shutdown Server ..." file-line="gracefullyStartorEnd.go:218"
time="2019-03-25T15:52:38+08:00" level=info msg="Server exiting" file-line="gracefullyStartorEnd.go:224"
time="2019-03-25T15:52:44+08:00" level=info msg=test file-line="gracefullyStartorEnd.go:193"
time="2019-03-25T15:52:44+08:00" level=info msg=msg file-line="gracefullyStartorEnd.go:194"
time="2019-03-25T15:52:44+08:00" level=info msg=dddd file-line="gracefullyStartorEnd.go:195"
time="2019-03-25T15:53:11+08:00" level=info msg="map[name:xiaoming]" file-line="bHandler.go:27"
time="2019-03-25T15:53:18+08:00" level=info msg=true file-line="bHandler.go:28"
time="2019-03-25T15:53:18+08:00" level=info msg="{{aaa}  eyJhbGciOiJIUzI1NiIsInR5cCI6IkpXVCJ9.eyJuYW1lIjoieGlhb21pbmcifQ.PdTwJAfswkCm5Tl7bQ_ihFjkBe3Ix7byNdb3PAX84cM}" file-line="bHandler.go:29"
time="2019-03-25T15:53:37+08:00" level=info file-line="bHandler.go:17"
time="2019-03-25T15:55:10+08:00" level=info msg="{localhost:8085 1553501041315410800 xiaoming 1553500442161400700 test admin 1553500446641108000 localhost}" file-line="jwt.go:21"
time="2019-03-25T15:56:17+08:00" level=info msg=eyJhbGciOiJIUzI1NiIsInR5cCI6IkpXVCJ9.eyJhdWQiOiJsb2NhbGhvc3Q6ODA4NSIsImV4cCI6MTU1MzUwMTA0MTMxNTQxMDgwMCwianRpIjoieGlhb21pbmciLCJpYXQiOjE1NTM1MDA0NDIxNjE0MDA3MDAsImlzcyI6InRlc3QgYWRtaW4iLCJuYmYiOjE1NTM1MDA0NDY2NDExMDgwMDAsInN1YiI6ImxvY2FsaG9zdCJ9.XbrTuvOZgXfe6fU0jiEH0vs3U03sjvHeLPPAqdPO0_0 file-line="bHandler.go:23"
time="2019-03-25T15:56:56+08:00" level=info file-line="bHandler.go:17"
time="2019-03-25T15:56:57+08:00" level=info msg="{localhost:8085 1553501217802946600 xiaoming 1553500617802946600 test admin 1553500617802946600 localhost}" file-line="jwt.go:21"
time="2019-03-25T15:56:57+08:00" level=info msg=eyJhbGciOiJIUzI1NiIsInR5cCI6IkpXVCJ9.eyJhdWQiOiJsb2NhbGhvc3Q6ODA4NSIsImV4cCI6MTU1MzUwMTIxNzgwMjk0NjYwMCwianRpIjoieGlhb21pbmciLCJpYXQiOjE1NTM1MDA2MTc4MDI5NDY2MDAsImlzcyI6InRlc3QgYWRtaW4iLCJuYmYiOjE1NTM1MDA2MTc4MDI5NDY2MDAsInN1YiI6ImxvY2FsaG9zdCJ9.SXkhXVIFEc832w06Acvup22ZIg3lbaz8HPfbuD-yTVY file-line="bHandler.go:23"
time="2019-03-25T15:57:15+08:00" level=info msg="map[name:xiaoming]" file-line="bHandler.go:27"
time="2019-03-25T15:57:24+08:00" level=info msg=true file-line="bHandler.go:28"
time="2019-03-25T15:57:25+08:00" level=info msg="{{aaa}  eyJhbGciOiJIUzI1NiIsInR5cCI6IkpXVCJ9.eyJuYW1lIjoieGlhb21pbmcifQ.PdTwJAfswkCm5Tl7bQ_ihFjkBe3Ix7byNdb3PAX84cM}" file-line="bHandler.go:29"
time="2019-03-25T15:57:43+08:00" level=info file-line="bHandler.go:17"
time="2019-03-25T15:57:57+08:00" level=info msg="{localhost:8085 1553501275057537300 xiaoming 1553500675387812100 test admin 1553500675814942800 localhost}" file-line="jwt.go:21"
time="2019-03-25T15:58:18+08:00" level=info msg=eyJhbGciOiJIUzI1NiIsInR5cCI6IkpXVCJ9.eyJhdWQiOiJsb2NhbGhvc3Q6ODA4NSIsImV4cCI6MTU1MzUwMTI3NTA1NzUzNzMwMCwianRpIjoieGlhb21pbmciLCJpYXQiOjE1NTM1MDA2NzUzODc4MTIxMDAsImlzcyI6InRlc3QgYWRtaW4iLCJuYmYiOjE1NTM1MDA2NzU4MTQ5NDI4MDAsInN1YiI6ImxvY2FsaG9zdCJ9.jTWpODEe-j35Iy8IW2ggp26-AsR76c8gbz__d29xRjY file-line="bHandler.go:23"
time="2019-03-25T15:58:57+08:00" level=info file-line="bHandler.go:27"
time="2019-03-25T15:59:02+08:00" level=info msg=false file-line="bHandler.go:28"
time="2019-03-25T15:59:03+08:00" level=info msg="{{aaa}  eyJhbGciOiJIUzI1NiIsInR5cCI6IkpXVCJ9.eyJuYW1lIjoieGlhb21pbmcifQ.PdTwJAfswkCm5Tl7bQ_ihFjkBe3Ix7byNdb3PAX84cM}" file-line="bHandler.go:29"
time="2019-03-25T15:59:20+08:00" level=info file-line="bHandler.go:27"
time="2019-03-25T15:59:20+08:00" level=info msg=false file-line="bHandler.go:28"
time="2019-03-25T15:59:20+08:00" level=info msg="{{aaa}  eyJhbGciOiJIUzI1NiIsInR5cCI6IkpXVCJ9.eyJuYW1lIjoieGlhb21pbmcifQ.PdTwJAfswkCm5Tl7bQ_ihFjkBe3Ix7byNdb3PAX84cM}" file-line="bHandler.go:29"
time="2019-03-25T16:01:28+08:00" level=info file-line="bHandler.go:27"
time="2019-03-25T16:01:29+08:00" level=info msg=false file-line="bHandler.go:28"
time="2019-03-25T16:01:29+08:00" level=info msg="{{aaa}  eyJhbGciOiJIUzI1NiIsInR5cCI6IkpXVCJ9.eyJuYW1lIjoieGlhb21pbmcifQ.PdTwJAfswkCm5Tl7bQ_ihFjkBe3Ix7byNdb3PAX84cM}" file-line="bHandler.go:29"
time="2019-03-25T16:01:44+08:00" level=info msg="Shutdown Server ..." file-line="gracefullyStartorEnd.go:218"
time="2019-03-25T16:01:44+08:00" level=info msg="Server exiting" file-line="gracefullyStartorEnd.go:224"
time="2019-03-25T16:01:50+08:00" level=info msg=test file-line="gracefullyStartorEnd.go:193"
time="2019-03-25T16:01:50+08:00" level=info msg=msg file-line="gracefullyStartorEnd.go:194"
time="2019-03-25T16:01:50+08:00" level=info msg=dddd file-line="gracefullyStartorEnd.go:195"
time="2019-03-25T16:02:43+08:00" level=info file-line="bHandler.go:27"
time="2019-03-25T16:02:43+08:00" level=info msg=false file-line="bHandler.go:28"
time="2019-03-25T16:02:43+08:00" level=info msg="{{aaa}  eyJhbGciOiJIUzI1NiIsInR5cCI6IkpXVCJ9.eyJuYW1lIjoieGlhb21pbmcifQ.PdTwJAfswkCm5Tl7bQ_ihFjkBe3Ix7byNdb3PAX84cM}" file-line="bHandler.go:29"
time="2019-03-25T16:03:12+08:00" level=info msg="Shutdown Server ..." file-line="gracefullyStartorEnd.go:218"
time="2019-03-25T16:03:12+08:00" level=info msg="Server exiting" file-line="gracefullyStartorEnd.go:224"
time="2019-03-25T16:03:16+08:00" level=info msg=test file-line="gracefullyStartorEnd.go:193"
time="2019-03-25T16:03:16+08:00" level=info msg=msg file-line="gracefullyStartorEnd.go:194"
time="2019-03-25T16:03:16+08:00" level=info msg=dddd file-line="gracefullyStartorEnd.go:195"
time="2019-03-25T16:03:25+08:00" level=info file-line="bHandler.go:27"
time="2019-03-25T16:03:25+08:00" level=info msg=false file-line="bHandler.go:28"
time="2019-03-25T16:03:25+08:00" level=info msg="{{aaa}  eyJhbGciOiJIUzI1NiIsInR5cCI6IkpXVCJ9.eyJuYW1lIjoieGlhb21pbmcifQ.PdTwJAfswkCm5Tl7bQ_ihFjkBe3Ix7byNdb3PAX84cM}" file-line="bHandler.go:29"
time="2019-03-25T16:04:36+08:00" level=info msg="Shutdown Server ..." file-line="gracefullyStartorEnd.go:218"
time="2019-03-25T16:04:36+08:00" level=info msg="Server exiting" file-line="gracefullyStartorEnd.go:224"
time="2019-03-25T16:04:40+08:00" level=info msg=test file-line="gracefullyStartorEnd.go:193"
time="2019-03-25T16:04:40+08:00" level=info msg=msg file-line="gracefullyStartorEnd.go:194"
time="2019-03-25T16:04:40+08:00" level=info msg=dddd file-line="gracefullyStartorEnd.go:195"
time="2019-03-25T16:10:27+08:00" level=info msg=test file-line="gracefullyStartorEnd.go:193"
time="2019-03-25T16:10:27+08:00" level=info msg=msg file-line="gracefullyStartorEnd.go:194"
time="2019-03-25T16:10:27+08:00" level=info msg=dddd file-line="gracefullyStartorEnd.go:195"
time="2019-03-25T16:10:33+08:00" level=info file-line="bHandler.go:27"
time="2019-03-25T16:10:33+08:00" level=info msg=false file-line="bHandler.go:28"
time="2019-03-25T16:10:33+08:00" level=info msg="{{aaa}  eyJhbGciOiJIUzI1NiIsInR5cCI6IkpXVCJ9.eyJuYW1lIjoieGlhb21pbmcifQ.PdTwJAfswkCm5Tl7bQ_ihFjkBe3Ix7byNdb3PAX84cM}" file-line="bHandler.go:29"
time="2019-03-25T16:10:47+08:00" level=info file-line="bHandler.go:17"
time="2019-03-25T16:10:47+08:00" level=info msg="{localhost:8085 1553502047038511400 xiaoming 1553501447038511400 test admin 0 localhost}" file-line="jwt.go:21"
time="2019-03-25T16:10:47+08:00" level=info msg=eyJhbGciOiJIUzI1NiIsInR5cCI6IkpXVCJ9.eyJhdWQiOiJsb2NhbGhvc3Q6ODA4NSIsImV4cCI6MTU1MzUwMjA0NzAzODUxMTQwMCwianRpIjoieGlhb21pbmciLCJpYXQiOjE1NTM1MDE0NDcwMzg1MTE0MDAsImlzcyI6InRlc3QgYWRtaW4iLCJzdWIiOiJsb2NhbGhvc3QifQ.u5JHAm2f3RRncRzYN_mvMJuMCoRiaWXhKGzu0QJA7S8 file-line="bHandler.go:23"
time="2019-03-25T16:11:19+08:00" level=info file-line="bHandler.go:27"
time="2019-03-25T16:11:19+08:00" level=info msg=false file-line="bHandler.go:28"
time="2019-03-25T16:11:19+08:00" level=info msg="{{aaa}  eyJhbGciOiJIUzI1NiIsInR5cCI6IkpXVCJ9.eyJuYW1lIjoieGlhb21pbmcifQ.PdTwJAfswkCm5Tl7bQ_ihFjkBe3Ix7byNdb3PAX84cM}" file-line="bHandler.go:29"
time="2019-03-25T16:12:06+08:00" level=info file-line="bHandler.go:27"
time="2019-03-25T16:12:06+08:00" level=info msg=false file-line="bHandler.go:28"
time="2019-03-25T16:12:06+08:00" level=info msg="{{aaa}  eyJhbGciOiJIUzI1NiIsInR5cCI6IkpXVCJ9.eyJuYW1lIjoieGlhb21pbmcifQ.PdTwJAfswkCm5Tl7bQ_ihFjkBe3Ix7byNdb3PAX84cM}" file-line="bHandler.go:29"
time="2019-03-25T16:12:20+08:00" level=info msg="Shutdown Server ..." file-line="gracefullyStartorEnd.go:218"
time="2019-03-25T16:12:20+08:00" level=info msg="Server exiting" file-line="gracefullyStartorEnd.go:224"
time="2019-03-25T16:12:22+08:00" level=info msg=test file-line="gracefullyStartorEnd.go:193"
time="2019-03-25T16:12:22+08:00" level=info msg=msg file-line="gracefullyStartorEnd.go:194"
time="2019-03-25T16:12:22+08:00" level=info msg=dddd file-line="gracefullyStartorEnd.go:195"
time="2019-03-25T16:12:24+08:00" level=info file-line="bHandler.go:27"
time="2019-03-25T16:12:24+08:00" level=info msg=false file-line="bHandler.go:28"
time="2019-03-25T16:12:24+08:00" level=info msg="{{aaa}  eyJhbGciOiJIUzI1NiIsInR5cCI6IkpXVCJ9.eyJuYW1lIjoieGlhb21pbmcifQ.PdTwJAfswkCm5Tl7bQ_ihFjkBe3Ix7byNdb3PAX84cM}" file-line="bHandler.go:29"
time="2019-03-25T16:12:41+08:00" level=info file-line="bHandler.go:27"
time="2019-03-25T16:12:41+08:00" level=info msg=false file-line="bHandler.go:28"
time="2019-03-25T16:12:41+08:00" level=info msg="{{aaa}  }" file-line="bHandler.go:29"
time="2019-03-25T16:13:58+08:00" level=info file-line="bHandler.go:17"
time="2019-03-25T16:13:58+08:00" level=info msg="{localhost:8050 1553502238455469200 xiaoming 1553501638455469200 test admin 0 localhost}" file-line="jwt.go:21"
time="2019-03-25T16:13:58+08:00" level=info msg=eyJhbGciOiJIUzI1NiIsInR5cCI6IkpXVCJ9.eyJhdWQiOiJsb2NhbGhvc3Q6ODA1MCIsImV4cCI6MTU1MzUwMjIzODQ1NTQ2OTIwMCwianRpIjoieGlhb21pbmciLCJpYXQiOjE1NTM1MDE2Mzg0NTU0NjkyMDAsImlzcyI6InRlc3QgYWRtaW4iLCJzdWIiOiJsb2NhbGhvc3QifQ.ftBzgQ4w2Yr1BQ4kV0o3jYxI9-L0XWBqKQSz5KIAABY file-line="bHandler.go:23"
time="2019-03-25T16:14:26+08:00" level=info file-line="bHandler.go:27"
time="2019-03-25T16:14:26+08:00" level=info msg=false file-line="bHandler.go:28"
time="2019-03-25T16:14:26+08:00" level=info msg="{{aaa}  }" file-line="bHandler.go:29"
time="2019-03-25T16:14:40+08:00" level=info msg="Shutdown Server ..." file-line="gracefullyStartorEnd.go:218"
time="2019-03-25T16:14:40+08:00" level=info msg="Server exiting" file-line="gracefullyStartorEnd.go:224"
time="2019-03-25T16:14:44+08:00" level=info msg=test file-line="gracefullyStartorEnd.go:193"
time="2019-03-25T16:14:44+08:00" level=info msg=msg file-line="gracefullyStartorEnd.go:194"
time="2019-03-25T16:14:44+08:00" level=info msg=dddd file-line="gracefullyStartorEnd.go:195"
time="2019-03-25T16:19:14+08:00" level=info file-line="bHandler.go:27"
time="2019-03-25T16:19:14+08:00" level=info msg=false file-line="bHandler.go:28"
time="2019-03-25T16:19:14+08:00" level=info msg="{{aaa}  }" file-line="bHandler.go:29"
time="2019-03-25T16:19:22+08:00" level=info file-line="bHandler.go:27"
time="2019-03-25T16:19:22+08:00" level=info msg=false file-line="bHandler.go:28"
time="2019-03-25T16:19:22+08:00" level=info msg="{{aaa}  }" file-line="bHandler.go:29"
time="2019-03-25T16:23:46+08:00" level=info file-line="bHandler.go:27"
time="2019-03-25T16:23:46+08:00" level=info msg=false file-line="bHandler.go:28"
time="2019-03-25T16:23:46+08:00" level=info msg="{{aaa}  }" file-line="bHandler.go:29"
time="2019-03-25T16:24:06+08:00" level=info file-line="bHandler.go:27"
time="2019-03-25T16:24:06+08:00" level=info msg=false file-line="bHandler.go:28"
time="2019-03-25T16:24:06+08:00" level=info msg="{{aaa}  }" file-line="bHandler.go:29"
time="2019-03-25T16:24:11+08:00" level=info msg="Shutdown Server ..." file-line="gracefullyStartorEnd.go:218"
time="2019-03-25T16:24:11+08:00" level=info msg="Server exiting" file-line="gracefullyStartorEnd.go:224"
time="2019-03-25T16:24:15+08:00" level=info msg=test file-line="gracefullyStartorEnd.go:193"
time="2019-03-25T16:24:15+08:00" level=info msg=msg file-line="gracefullyStartorEnd.go:194"
time="2019-03-25T16:24:15+08:00" level=info msg=dddd file-line="gracefullyStartorEnd.go:195"
time="2019-03-25T16:24:26+08:00" level=info file-line="bHandler.go:27"
time="2019-03-25T16:24:26+08:00" level=info msg=false file-line="bHandler.go:28"
time="2019-03-25T16:24:26+08:00" level=info msg="{{aaa}  }" file-line="bHandler.go:29"
time="2019-03-25T16:32:48+08:00" level=info msg="Shutdown Server ..." file-line="gracefullyStartorEnd.go:218"
time="2019-03-25T16:32:48+08:00" level=info msg="Server exiting" file-line="gracefullyStartorEnd.go:224"
time="2019-03-25T16:32:49+08:00" level=info msg=test file-line="gracefullyStartorEnd.go:193"
time="2019-03-25T16:32:49+08:00" level=info msg=msg file-line="gracefullyStartorEnd.go:194"
time="2019-03-25T16:32:49+08:00" level=info msg=dddd file-line="gracefullyStartorEnd.go:195"
time="2019-03-25T16:32:57+08:00" level=info file-line="bHandler.go:17"
time="2019-03-25T16:32:57+08:00" level=info msg="{localhost:8050 601553502777 xiaoming 1553502777 test admin 0 localhost}" file-line="jwt.go:21"
time="2019-03-25T16:32:57+08:00" level=info msg=eyJhbGciOiJIUzI1NiIsInR5cCI6IkpXVCJ9.eyJhdWQiOiJsb2NhbGhvc3Q6ODA1MCIsImV4cCI6NjAxNTUzNTAyNzc3LCJqdGkiOiJ4aWFvbWluZyIsImlhdCI6MTU1MzUwMjc3NywiaXNzIjoidGVzdCBhZG1pbiIsInN1YiI6ImxvY2FsaG9zdCJ9.9nBfv_TDsgtlP4Ook0g6BiRJZy1Kt58q-HpLpckBCDo file-line="bHandler.go:23"
time="2019-03-25T16:33:25+08:00" level=info msg="map[aud:localhost:8050 exp:6.01553502777e+11 iat:1.553502777e+09 iss:test admin jti:xiaoming sub:localhost]" file-line="bHandler.go:27"
time="2019-03-25T16:33:25+08:00" level=info msg=true file-line="bHandler.go:28"
time="2019-03-25T16:33:25+08:00" level=info msg="{{aaa}  }" file-line="bHandler.go:29"
time="2019-03-25T16:33:51+08:00" level=info msg="map[aud:localhost:8050 exp:6.01553502777e+11 iat:1.553502777e+09 iss:test admin jti:xiaoming sub:localhost]" file-line="bHandler.go:27"
time="2019-03-25T16:33:51+08:00" level=info msg=true file-line="bHandler.go:28"
time="2019-03-25T16:33:51+08:00" level=info msg="{{aaa}  }" file-line="bHandler.go:29"
time="2019-03-25T16:33:55+08:00" level=info msg="Shutdown Server ..." file-line="gracefullyStartorEnd.go:218"
time="2019-03-25T16:33:55+08:00" level=info msg="Server exiting" file-line="gracefullyStartorEnd.go:224"
time="2019-03-25T16:33:59+08:00" level=info msg=test file-line="gracefullyStartorEnd.go:193"
time="2019-03-25T16:33:59+08:00" level=info msg=msg file-line="gracefullyStartorEnd.go:194"
time="2019-03-25T16:33:59+08:00" level=info msg=dddd file-line="gracefullyStartorEnd.go:195"
time="2019-03-25T16:34:20+08:00" level=info msg="map[aud:localhost:8050 exp:6.01553502777e+11 iat:1.553502777e+09 iss:test admin jti:xiaoming sub:localhost]" file-line="bHandler.go:27"
time="2019-03-25T16:34:20+08:00" level=info msg=true file-line="bHandler.go:28"
time="2019-03-25T16:34:22+08:00" level=info msg="{{aaa}  }" file-line="bHandler.go:29"
time="2019-03-26T09:23:51+08:00" level=info msg=test file-line="gracefullyStartorEnd.go:193"
time="2019-03-26T09:23:51+08:00" level=info msg=msg file-line="gracefullyStartorEnd.go:194"
time="2019-03-26T09:23:51+08:00" level=info msg=dddd file-line="gracefullyStartorEnd.go:195"
time="2019-03-26T09:24:51+08:00" level=info msg="map[aud:localhost:8050 exp:6.01553502777e+11 iat:1.553502777e+09 iss:test admin jti:xiaoming sub:localhost]" file-line="bHandler.go:27"
time="2019-03-26T09:24:51+08:00" level=info msg=true file-line="bHandler.go:28"
time="2019-03-26T09:24:51+08:00" level=info msg="{{aaa}  }" file-line="bHandler.go:29"
time="2019-03-26T09:26:40+08:00" level=info msg="Shutdown Server ..." file-line="gracefullyStartorEnd.go:218"
time="2019-03-26T09:26:40+08:00" level=info msg="Server exiting" file-line="gracefullyStartorEnd.go:224"
time="2019-03-26T09:26:42+08:00" level=info msg=test file-line="gracefullyStartorEnd.go:193"
time="2019-03-26T09:26:42+08:00" level=info msg=msg file-line="gracefullyStartorEnd.go:194"
time="2019-03-26T09:26:42+08:00" level=info msg=dddd file-line="gracefullyStartorEnd.go:195"
time="2019-03-26T09:26:49+08:00" level=info msg="map[aud:localhost:8050 exp:6.01553502777e+11 iat:1.553502777e+09 iss:test admin jti:xiaoming sub:localhost]" file-line="bHandler.go:27"
time="2019-03-26T09:26:49+08:00" level=info msg=true file-line="bHandler.go:28"
time="2019-03-26T09:26:49+08:00" level=info msg="{{aaa}  }" file-line="bHandler.go:29"
time="2019-03-26T09:27:20+08:00" level=info msg="Shutdown Server ..." file-line="gracefullyStartorEnd.go:218"
time="2019-03-26T09:27:20+08:00" level=info msg="Server exiting" file-line="gracefullyStartorEnd.go:224"
time="2019-03-26T09:27:22+08:00" level=info msg=fefefe
time="2019-03-26T09:27:22+08:00" level=info msg=test file-line="gracefullyStartorEnd.go:193"
time="2019-03-26T09:27:22+08:00" level=info msg=msg file-line="gracefullyStartorEnd.go:194"
time="2019-03-26T09:27:22+08:00" level=info msg=dddd file-line="gracefullyStartorEnd.go:195"
time="2019-03-26T09:27:49+08:00" level=info msg="map[aud:localhost:8050 exp:6.01553502777e+11 iat:1.553502777e+09 iss:test admin jti:xiaoming sub:localhost]" file-line="bHandler.go:27"
time="2019-03-26T09:27:49+08:00" level=info msg=true file-line="bHandler.go:28"
time="2019-03-26T09:27:49+08:00" level=info msg="{{aaa}  }" file-line="bHandler.go:29"
time="2019-03-26T09:27:49+08:00" level=info msg="| 200 |       998.1µs |             ::1 | GET  /getb |"
time="2019-03-26T09:31:30+08:00" level=info msg="Shutdown Server ..." file-line="gracefullyStartorEnd.go:218"
time="2019-03-26T09:31:30+08:00" level=info msg="Server exiting" file-line="gracefullyStartorEnd.go:224"
time="2019-03-26T09:44:32+08:00" level=info msg=fefefe
time="2019-03-26T09:44:32+08:00" level=info msg=test file-line="gracefullyStartorEnd.go:193"
time="2019-03-26T09:44:32+08:00" level=info msg=msg file-line="gracefullyStartorEnd.go:194"
time="2019-03-26T09:44:32+08:00" level=info msg=dddd file-line="gracefullyStartorEnd.go:195"
time="2019-03-26T09:44:37+08:00" level=info msg="map[aud:localhost:8050 exp:6.01553502777e+11 iat:1.553502777e+09 iss:test admin jti:xiaoming sub:localhost]" file-line="bHandler.go:27"
time="2019-03-26T09:44:37+08:00" level=info msg=true file-line="bHandler.go:28"
time="2019-03-26T09:44:37+08:00" level=info msg="{{aaa}  }" file-line="bHandler.go:29"
time="2019-03-26T09:44:37+08:00" level=info msg="| 200 |      1.0296ms |             ::1 | GET  /getb |"
time="2019-03-26T10:12:00+08:00" level=info msg="Shutdown Server ..." file-line="gracefullyStartorEnd.go:218"
time="2019-03-26T10:12:00+08:00" level=info msg="Server exiting" file-line="gracefullyStartorEnd.go:224"
time="2019-03-26T10:12:02+08:00" level=info msg=fefefe
time="2019-03-26T10:12:02+08:00" level=info msg=test file-line="gracefullyStartorEnd.go:193"
time="2019-03-26T10:12:02+08:00" level=info msg=msg file-line="gracefullyStartorEnd.go:194"
time="2019-03-26T10:12:02+08:00" level=info msg=dddd file-line="gracefullyStartorEnd.go:195"
time="2019-03-26T10:12:47+08:00" level=info msg="Shutdown Server ..." file-line="gracefullyStartorEnd.go:219"
time="2019-03-26T10:12:47+08:00" level=info msg="Server exiting" file-line="gracefullyStartorEnd.go:225"
time="2019-03-26T10:12:49+08:00" level=info msg=fefefe
time="2019-03-26T10:12:49+08:00" level=info msg=test file-line="gracefullyStartorEnd.go:193"
time="2019-03-26T10:12:49+08:00" level=info msg=msg file-line="gracefullyStartorEnd.go:194"
time="2019-03-26T10:12:49+08:00" level=info msg=dddd file-line="gracefullyStartorEnd.go:195"
time="2019-03-26T10:13:06+08:00" level=info msg="| 401 |            0s |             ::1 | POST  /login |"
time="2019-03-26T10:13:53+08:00" level=info msg="| 401 |            0s |             ::1 | POST  /login |"
time="2019-03-26T10:14:07+08:00" level=info msg="Shutdown Server ..." file-line="gracefullyStartorEnd.go:219"
time="2019-03-26T10:14:07+08:00" level=info msg="Server exiting" file-line="gracefullyStartorEnd.go:225"
time="2019-03-26T10:14:14+08:00" level=info msg=fefefe
time="2019-03-26T10:14:14+08:00" level=info msg=test file-line="gracefullyStartorEnd.go:193"
time="2019-03-26T10:14:14+08:00" level=info msg=msg file-line="gracefullyStartorEnd.go:194"
time="2019-03-26T10:14:14+08:00" level=info msg=dddd file-line="gracefullyStartorEnd.go:195"
time="2019-03-26T10:15:21+08:00" level=info msg="| 401 |   46.9008618s |             ::1 | POST  /login |"
time="2019-03-26T10:16:11+08:00" level=info msg="| 200 |   48.5302394s |             ::1 | POST  /login |"
time="2019-03-26T10:56:39+08:00" level=info msg=fefefe
time="2019-03-26T10:56:39+08:00" level=info msg=test file-line="gracefullyStartorEnd.go:193"
time="2019-03-26T10:56:39+08:00" level=info msg=msg file-line="gracefullyStartorEnd.go:194"
time="2019-03-26T10:56:39+08:00" level=info msg=dddd file-line="gracefullyStartorEnd.go:195"
time="2019-03-26T10:57:05+08:00" level=info msg="Shutdown Server ..." file-line="gracefullyStartorEnd.go:219"
time="2019-03-26T10:57:05+08:00" level=info msg="Server exiting" file-line="gracefullyStartorEnd.go:225"
time="2019-03-26T10:57:09+08:00" level=info msg=fefefe
time="2019-03-26T10:57:09+08:00" level=info msg=test file-line="gracefullyStartorEnd.go:193"
time="2019-03-26T10:57:09+08:00" level=info msg=msg file-line="gracefullyStartorEnd.go:194"
time="2019-03-26T10:57:09+08:00" level=info msg=dddd file-line="gracefullyStartorEnd.go:195"
time="2019-03-26T11:10:52+08:00" level=info msg=fefefe
time="2019-03-26T11:10:52+08:00" level=info msg=test file-line="gracefullyStartorEnd.go:193"
time="2019-03-26T11:10:52+08:00" level=info msg=msg file-line="gracefullyStartorEnd.go:194"
time="2019-03-26T11:10:52+08:00" level=info msg=dddd file-line="gracefullyStartorEnd.go:195"
time="2019-03-26T11:11:25+08:00" level=info msg="| 200 |   26.1336086s |             ::1 | POST  /login |"
time="2019-03-26T11:12:14+08:00" level=info msg="| 401 |    33.934493s |             ::1 | POST  /welcome |"
time="2019-03-26T11:13:59+08:00" level=info msg="| 401 |   55.5933601s |             ::1 | POST  /welcome |"
time="2019-03-26T11:20:24+08:00" level=info msg="| 401 |  5m48.459105s |             ::1 | POST  /welcome |"
time="2019-03-26T11:27:54+08:00" level=info msg="| 400 | 1m12.5071243s |             ::1 | POST  /welcome |"
time="2019-03-26T11:28:24+08:00" level=info msg="Shutdown Server ..." file-line="gracefullyStartorEnd.go:220"
time="2019-03-26T11:28:24+08:00" level=info msg="Server exiting" file-line="gracefullyStartorEnd.go:226"
time="2019-03-26T11:28:29+08:00" level=info msg=fefefe
time="2019-03-26T11:28:29+08:00" level=info msg=test file-line="gracefullyStartorEnd.go:193"
time="2019-03-26T11:28:29+08:00" level=info msg=msg file-line="gracefullyStartorEnd.go:194"
time="2019-03-26T11:28:29+08:00" level=info msg=dddd file-line="gracefullyStartorEnd.go:195"
time="2019-03-26T11:29:03+08:00" level=info msg="| 401 |   30.4299472s |             ::1 | POST  /welcome |"
time="2019-03-26T11:31:37+08:00" level=info msg="| 200 |   25.8378568s |             ::1 | POST  /login |"
time="2019-03-26T11:32:41+08:00" level=info msg="| 401 |   11.7538189s |             ::1 | POST  /welcome |"
time="2019-03-26T11:34:15+08:00" level=info msg="| 200 |   26.5254351s |             ::1 | POST  /welcome |"
time="2019-03-26T11:34:44+08:00" level=info msg="Shutdown Server ..." file-line="gracefullyStartorEnd.go:220"
time="2019-03-26T11:34:44+08:00" level=info msg="Server exiting" file-line="gracefullyStartorEnd.go:226"
time="2019-03-26T11:34:50+08:00" level=info msg=fefefe
time="2019-03-26T11:34:50+08:00" level=info msg=test file-line="gracefullyStartorEnd.go:193"
time="2019-03-26T11:34:50+08:00" level=info msg=msg file-line="gracefullyStartorEnd.go:194"
time="2019-03-26T11:34:50+08:00" level=info msg=dddd file-line="gracefullyStartorEnd.go:195"
time="2019-03-26T11:35:12+08:00" level=info msg="| 200 |   17.1321611s |             ::1 | POST  /login |"
time="2019-03-26T11:35:48+08:00" level=info msg="| 200 |    8.3446615s |             ::1 | POST  /welcome |"
time="2019-03-26T11:39:02+08:00" level=info msg="Shutdown Server ..." file-line="gracefullyStartorEnd.go:220"
time="2019-03-26T11:39:02+08:00" level=info msg="Server exiting" file-line="gracefullyStartorEnd.go:226"
time="2019-03-26T11:39:04+08:00" level=info msg=fefefe
time="2019-03-26T11:39:04+08:00" level=info msg=test file-line="gracefullyStartorEnd.go:193"
time="2019-03-26T11:39:04+08:00" level=info msg=msg file-line="gracefullyStartorEnd.go:194"
time="2019-03-26T11:39:04+08:00" level=info msg=dddd file-line="gracefullyStartorEnd.go:195"
time="2019-03-26T11:39:43+08:00" level=info msg="| 200 |       997.5µs |             ::1 | POST  /login |"
time="2019-03-26T11:39:57+08:00" level=info msg="| 200 |            0s |             ::1 | POST  /welcome |"
time="2019-03-26T11:40:02+08:00" level=info msg="| 200 |            0s |             ::1 | POST  /login |"
time="2019-03-26T11:40:04+08:00" level=info msg="| 200 |            0s |             ::1 | POST  /welcome |"
time="2019-03-26T13:09:45+08:00" level=info msg="| 401 |       997.5µs |             ::1 | POST  /welcome |"
time="2019-03-26T13:09:58+08:00" level=info msg="| 200 |            0s |             ::1 | POST  /login |"
time="2019-03-26T13:10:05+08:00" level=info msg="| 200 |            0s |             ::1 | POST  /welcome |"
time="2019-03-26T13:13:58+08:00" level=info msg="| 200 |            0s |             ::1 | POST  /welcome |"
time="2019-03-26T13:14:14+08:00" level=info msg="| 200 |            0s |             ::1 | POST  /welcome |"
time="2019-03-26T13:14:16+08:00" level=info msg="| 200 |            0s |             ::1 | POST  /welcome |"
time="2019-03-26T13:14:17+08:00" level=info msg="| 200 |            0s |             ::1 | POST  /welcome |"
time="2019-03-26T13:14:46+08:00" level=info msg="| 200 |            0s |             ::1 | POST  /welcome |"
time="2019-03-26T13:32:03+08:00" level=info msg="| 401 |            0s |             ::1 | POST  /welcome |"
time="2019-03-26T15:52:17+08:00" level=info msg="| 200 |            0s |             ::1 | POST  /login |"
time="2019-03-26T15:53:04+08:00" level=info msg="| 200 |            0s |             ::1 | POST  /login |"
time="2019-03-26T15:53:09+08:00" level=info msg="| 200 |            0s |             ::1 | POST  /welcome |"
time="2019-03-26T15:53:24+08:00" level=info msg="| 200 |            0s |             ::1 | POST  /welcome |"
time="2019-03-26T17:14:03+08:00" level=info msg="| 200 |       996.9µs |             ::1 | POST  /login |"
time="2019-03-26T17:16:49+08:00" level=info msg="| 200 |            0s |             ::1 | POST  /welcome |"
time="2019-03-26T17:22:43+08:00" level=info msg="Shutdown Server ..." file-line="gracefullyStartorEnd.go:220"
time="2019-03-26T17:22:43+08:00" level=info msg="Server exiting" file-line="gracefullyStartorEnd.go:226"
time="2019-03-26T17:23:39+08:00" level=info msg=fefefe
time="2019-03-26T17:23:39+08:00" level=info msg=test file-line="gracefullyStartorEnd.go:192"
time="2019-03-26T17:23:39+08:00" level=info msg=msg file-line="gracefullyStartorEnd.go:193"
time="2019-03-26T17:23:39+08:00" level=info msg=dddd file-line="gracefullyStartorEnd.go:194"
time="2019-03-26T17:24:31+08:00" level=info msg="| 200 |       998.7µs |             ::1 | POST  /login |"
time="2019-03-26T17:25:41+08:00" level=info msg="| 401 |            0s |             ::1 | POST  /welcome |"
time="2019-03-26T17:26:52+08:00" level=info msg="Shutdown Server ..." file-line="gracefullyStartorEnd.go:219"
time="2019-03-26T17:26:52+08:00" level=info msg="Server exiting" file-line="gracefullyStartorEnd.go:225"
time="2019-03-26T17:26:54+08:00" level=info msg=fefefe
time="2019-03-26T17:26:54+08:00" level=info msg=test file-line="gracefullyStartorEnd.go:192"
time="2019-03-26T17:26:54+08:00" level=info msg=msg file-line="gracefullyStartorEnd.go:193"
time="2019-03-26T17:26:54+08:00" level=info msg=dddd file-line="gracefullyStartorEnd.go:194"
time="2019-03-26T17:26:59+08:00" level=info msg="| 401 |       997.9µs |             ::1 | POST  /welcome |"
time="2019-03-27T10:54:40+08:00" level=info msg=fefefe
time="2019-03-27T10:54:40+08:00" level=info msg=test file-line="gracefullyStartorEnd.go:192"
time="2019-03-27T10:54:40+08:00" level=info msg=msg file-line="gracefullyStartorEnd.go:193"
time="2019-03-27T10:54:40+08:00" level=info msg=dddd file-line="gracefullyStartorEnd.go:194"
time="2019-03-27T10:56:49+08:00" level=info msg="| 200 |  2m3.0670902s |             ::1 | POST  /login |"
time="2019-03-27T10:57:38+08:00" level=info msg="| 401 |            0s |             ::1 | POST  /welcome |"
time="2019-03-27T10:59:50+08:00" level=info msg="| 401 | 1m20.0277216s |             ::1 | POST  /welcome |"
time="2019-03-27T11:19:24+08:00" level=info msg=fefefe
time="2019-03-27T11:19:24+08:00" level=info msg=test file-line="gracefullyStartorEnd.go:192"
time="2019-03-27T11:19:24+08:00" level=info msg=msg file-line="gracefullyStartorEnd.go:193"
time="2019-03-27T11:19:24+08:00" level=info msg=dddd file-line="gracefullyStartorEnd.go:194"
time="2019-03-27T11:38:22+08:00" level=info msg=fefefe
time="2019-03-27T11:38:22+08:00" level=info msg=test file-line="gracefullyStartorEnd.go:192"
time="2019-03-27T11:38:22+08:00" level=info msg=msg file-line="gracefullyStartorEnd.go:193"
time="2019-03-27T11:38:22+08:00" level=info msg=dddd file-line="gracefullyStartorEnd.go:194"
time="2019-03-27T11:39:04+08:00" level=info msg="| 401 |   35.1881895s |             ::1 | POST  /welcome |"
time="2019-03-27T11:39:19+08:00" level=info msg="| 200 |    5.6926256s |             ::1 | POST  /login |"
time="2019-03-27T11:39:56+08:00" level=info msg="| 401 |   14.9823104s |             ::1 | POST  /welcome |"
time="2019-03-27T11:40:05+08:00" level=info msg="Shutdown Server ..." file-line="gracefullyStartorEnd.go:219"
time="2019-03-27T11:40:05+08:00" level=info msg="Server exiting" file-line="gracefullyStartorEnd.go:225"
time="2019-03-27T11:40:09+08:00" level=info msg=fefefe
time="2019-03-27T11:40:09+08:00" level=info msg=test file-line="gracefullyStartorEnd.go:192"
time="2019-03-27T11:40:09+08:00" level=info msg=msg file-line="gracefullyStartorEnd.go:193"
time="2019-03-27T11:40:09+08:00" level=info msg=dddd file-line="gracefullyStartorEnd.go:194"
time="2019-03-27T11:40:47+08:00" level=info msg="| 200 |   33.5338331s |             ::1 | POST  /welcome |"
time="2019-03-27T13:22:55+08:00" level=info msg="| 200 |  1m1.8901985s |             ::1 | POST  /login |"
time="2019-03-27T13:23:18+08:00" level=info msg="Shutdown Server ..." file-line="gracefullyStartorEnd.go:219"
time="2019-03-27T13:23:18+08:00" level=info msg="Server exiting" file-line="gracefullyStartorEnd.go:225"
time="2019-03-27T13:23:24+08:00" level=info msg=fefefe
time="2019-03-27T13:23:24+08:00" level=info msg=test file-line="gracefullyStartorEnd.go:192"
time="2019-03-27T13:23:24+08:00" level=info msg=msg file-line="gracefullyStartorEnd.go:193"
time="2019-03-27T13:23:24+08:00" level=info msg=dddd file-line="gracefullyStartorEnd.go:194"
time="2019-03-27T13:23:46+08:00" level=info msg="| 200 |   19.4104935s |             ::1 | POST  /login |"
time="2019-03-27T13:25:16+08:00" level=info msg="| 200 |   52.9584129s |             ::1 | POST  /welcome |"
time="2019-03-27T16:30:05+08:00" level=info msg=fefefe
time="2019-03-27T16:30:06+08:00" level=info msg=test file-line="gracefullyStartorEnd.go:192"
time="2019-03-27T16:30:06+08:00" level=info msg=msg file-line="gracefullyStartorEnd.go:193"
time="2019-03-27T16:30:06+08:00" level=info msg=dddd file-line="gracefullyStartorEnd.go:194"
time="2019-03-27T16:30:06+08:00" level=error msg="listen: %s\nlisten tcp :8050: bind: Only one usage of each socket address (protocol/network address/port) is normally permitted."
time="2019-03-27T16:30:34+08:00" level=info msg="Shutdown Server ..." file-line="gracefullyStartorEnd.go:220"
time="2019-03-27T16:30:34+08:00" level=info msg="Server exiting" file-line="gracefullyStartorEnd.go:226"
time="2019-03-27T16:30:34+08:00" level=info msg="Shutdown Server ..." file-line="gracefullyStartorEnd.go:219"
time="2019-03-27T16:30:34+08:00" level=info msg="Server exiting" file-line="gracefullyStartorEnd.go:225"
time="2019-03-27T16:31:00+08:00" level=info msg=fefefe
time="2019-03-27T16:31:00+08:00" level=info msg=test file-line="gracefullyStartorEnd.go:192"
time="2019-03-27T16:31:00+08:00" level=info msg=msg file-line="gracefullyStartorEnd.go:193"
time="2019-03-27T16:31:00+08:00" level=info msg=dddd file-line="gracefullyStartorEnd.go:194"
time="2019-03-27T16:31:36+08:00" level=info msg="| 401 |       998.7µs |             ::1 | POST  /welcome |"
time="2019-03-27T16:31:39+08:00" level=info msg="| 401 |            0s |             ::1 | POST  /welcome |"
time="2019-03-27T16:31:56+08:00" level=info msg="| 401 |   10.9315871s |             ::1 | POST  /welcome |"
time="2019-03-27T16:32:39+08:00" level=info msg="| 401 |   18.2170247s |             ::1 | POST  /refresh |"
time="2019-03-27T16:32:59+08:00" level=info msg="| 200 |       997.6µs |             ::1 | POST  /login |"
time="2019-03-27T16:34:11+08:00" level=info msg="| 200 |   16.2742953s |             ::1 | POST  /welcome |"
time="2019-03-27T16:34:33+08:00" level=info msg="| 401 |    5.6227967s |             ::1 | POST  /refresh |"
time="2019-03-27T16:35:07+08:00" level=info msg="| 400 |   30.1524753s |             ::1 | POST  /refresh |"
time="2019-03-27T16:37:27+08:00" level=info msg="| 400 |    2.2196171s |             ::1 | POST  /refresh |"
time="2019-03-27T16:37:33+08:00" level=info msg="| 200 |            0s |             ::1 | POST  /refresh |"
time="2019-03-27T16:38:48+08:00" level=info msg="Shutdown Server ..." file-line="gracefullyStartorEnd.go:220"
time="2019-03-27T16:38:48+08:00" level=info msg="Server exiting" file-line="gracefullyStartorEnd.go:226"
time="2019-03-27T16:38:50+08:00" level=info msg=fefefe
time="2019-03-27T16:38:50+08:00" level=info msg=test file-line="gracefullyStartorEnd.go:192"
time="2019-03-27T16:38:50+08:00" level=info msg=msg file-line="gracefullyStartorEnd.go:193"
time="2019-03-27T16:38:50+08:00" level=info msg=dddd file-line="gracefullyStartorEnd.go:194"
time="2019-03-27T16:39:07+08:00" level=info msg="| 200 |            0s |             ::1 | POST  /login |"
time="2019-03-27T16:39:46+08:00" level=info msg="Shutdown Server ..." file-line="gracefullyStartorEnd.go:220"
time="2019-03-27T16:39:46+08:00" level=info msg="Server exiting" file-line="gracefullyStartorEnd.go:226"
time="2019-03-27T16:39:47+08:00" level=info msg=fefefe
time="2019-03-27T16:39:47+08:00" level=info msg=test file-line="gracefullyStartorEnd.go:192"
time="2019-03-27T16:39:47+08:00" level=info msg=msg file-line="gracefullyStartorEnd.go:193"
time="2019-03-27T16:39:47+08:00" level=info msg=dddd file-line="gracefullyStartorEnd.go:194"
time="2019-03-27T16:39:55+08:00" level=info msg="| 200 |       971.4µs |             ::1 | POST  /login |"
time="2019-03-27T16:41:04+08:00" level=info msg="Shutdown Server ..." file-line="gracefullyStartorEnd.go:220"
time="2019-03-27T16:41:04+08:00" level=info msg="Server exiting" file-line="gracefullyStartorEnd.go:226"
time="2019-03-27T16:41:06+08:00" level=info msg=fefefe
time="2019-03-27T16:41:06+08:00" level=info msg=test file-line="gracefullyStartorEnd.go:192"
time="2019-03-27T16:41:06+08:00" level=info msg=msg file-line="gracefullyStartorEnd.go:193"
time="2019-03-27T16:41:06+08:00" level=info msg=dddd file-line="gracefullyStartorEnd.go:194"
time="2019-03-27T16:41:13+08:00" level=info msg="| 200 |       996.7µs |             ::1 | POST  /login |"
time="2019-03-27T16:42:28+08:00" level=info msg="Shutdown Server ..." file-line="gracefullyStartorEnd.go:220"
time="2019-03-27T16:42:28+08:00" level=info msg="Server exiting" file-line="gracefullyStartorEnd.go:226"
time="2019-03-27T16:42:29+08:00" level=info msg=fefefe
time="2019-03-27T16:42:29+08:00" level=info msg=test file-line="gracefullyStartorEnd.go:192"
time="2019-03-27T16:42:29+08:00" level=info msg=msg file-line="gracefullyStartorEnd.go:193"
time="2019-03-27T16:42:29+08:00" level=info msg=dddd file-line="gracefullyStartorEnd.go:194"
time="2019-03-27T16:42:32+08:00" level=info msg="| 200 |            0s |             ::1 | POST  /login |"
time="2019-03-27T16:44:15+08:00" level=info msg="Shutdown Server ..." file-line="gracefullyStartorEnd.go:220"
time="2019-03-27T16:44:15+08:00" level=info msg="Server exiting" file-line="gracefullyStartorEnd.go:226"
time="2019-03-27T16:44:17+08:00" level=info msg=fefefe
time="2019-03-27T16:44:17+08:00" level=info msg=test file-line="gracefullyStartorEnd.go:192"
time="2019-03-27T16:44:17+08:00" level=info msg=msg file-line="gracefullyStartorEnd.go:193"
time="2019-03-27T16:44:17+08:00" level=info msg=dddd file-line="gracefullyStartorEnd.go:194"
time="2019-03-27T16:44:23+08:00" level=info msg="| 200 |      1.0084ms |             ::1 | POST  /login |"
time="2019-03-27T16:45:07+08:00" level=info msg="| 401 |            0s |             ::1 | POST  /welcome |"
time="2019-03-27T16:45:30+08:00" level=info msg="| 200 |            0s |             ::1 | POST  /welcome |"
time="2019-03-27T16:45:39+08:00" level=info msg="| 400 |            0s |             ::1 | POST  /refresh |"
time="2019-03-27T16:49:00+08:00" level=info msg="| 200 |            0s |             ::1 | POST  /refresh |"
time="2019-03-27T16:50:13+08:00" level=info msg="Shutdown Server ..." file-line="gracefullyStartorEnd.go:220"
time="2019-03-27T16:50:13+08:00" level=info msg="Server exiting" file-line="gracefullyStartorEnd.go:226"
time="2019-03-27T16:50:15+08:00" level=info msg=fefefe
time="2019-03-27T16:50:15+08:00" level=info msg=test file-line="gracefullyStartorEnd.go:192"
time="2019-03-27T16:50:15+08:00" level=info msg=msg file-line="gracefullyStartorEnd.go:193"
time="2019-03-27T16:50:15+08:00" level=info msg=dddd file-line="gracefullyStartorEnd.go:194"
time="2019-03-27T16:50:26+08:00" level=info msg="| 401 |            0s |             ::1 | POST  /refresh |"
time="2019-03-27T16:50:35+08:00" level=info msg="| 401 |            0s |             ::1 | POST  /welcome |"
time="2019-03-27T16:50:41+08:00" level=info msg="| 200 |            0s |             ::1 | POST  /login |"
time="2019-03-27T16:51:06+08:00" level=info msg="| 200 |            0s |             ::1 | POST  /welcome |"
time="2019-03-27T16:51:26+08:00" level=info msg="| 200 |            0s |             ::1 | POST  /refresh |"
time="2019-03-27T16:51:48+08:00" level=info msg="| 200 |            0s |             ::1 | POST  /refresh |"
time="2019-03-27T16:51:58+08:00" level=info msg="| 200 |            0s |             ::1 | POST  /refresh |"
time="2019-03-27T16:52:54+08:00" level=info msg="Shutdown Server ..." file-line="gracefullyStartorEnd.go:220"
time="2019-03-27T16:52:54+08:00" level=info msg="Server exiting" file-line="gracefullyStartorEnd.go:226"
time="2019-03-27T16:52:56+08:00" level=info msg=fefefe
time="2019-03-27T16:52:56+08:00" level=info msg=test file-line="gracefullyStartorEnd.go:192"
time="2019-03-27T16:52:56+08:00" level=info msg=msg file-line="gracefullyStartorEnd.go:193"
time="2019-03-27T16:52:56+08:00" level=info msg=dddd file-line="gracefullyStartorEnd.go:194"
time="2019-03-27T16:53:07+08:00" level=info msg="| 200 |       998.9µs |             ::1 | POST  /login |"
time="2019-03-27T16:53:20+08:00" level=info msg="| 200 |            0s |             ::1 | POST  /welcome |"
time="2019-03-27T16:53:26+08:00" level=info msg="| 200 |            0s |             ::1 | POST  /refresh |"
time="2019-03-27T16:54:33+08:00" level=info msg="Shutdown Server ..." file-line="gracefullyStartorEnd.go:220"
time="2019-03-27T16:54:33+08:00" level=info msg="Server exiting" file-line="gracefullyStartorEnd.go:226"
time="2019-03-27T16:54:35+08:00" level=info msg=fefefe
time="2019-03-27T16:54:35+08:00" level=info msg=test file-line="gracefullyStartorEnd.go:192"
time="2019-03-27T16:54:35+08:00" level=info msg=msg file-line="gracefullyStartorEnd.go:193"
time="2019-03-27T16:54:35+08:00" level=info msg=dddd file-line="gracefullyStartorEnd.go:194"
time="2019-03-27T16:55:21+08:00" level=info msg="Shutdown Server ..." file-line="gracefullyStartorEnd.go:220"
time="2019-03-27T16:55:21+08:00" level=info msg="Server exiting" file-line="gracefullyStartorEnd.go:226"
time="2019-03-27T16:55:23+08:00" level=info msg=fefefe
time="2019-03-27T16:55:23+08:00" level=info msg=test file-line="gracefullyStartorEnd.go:192"
time="2019-03-27T16:55:23+08:00" level=info msg=msg file-line="gracefullyStartorEnd.go:193"
time="2019-03-27T16:55:23+08:00" level=info msg=dddd file-line="gracefullyStartorEnd.go:194"
time="2019-03-27T16:55:36+08:00" level=info msg="2019-03-27 16:55:41.7885051 +0800 CST m=+18.779253101" file-line="bHandler.go:172"
time="2019-03-27T16:55:36+08:00" level=info msg="| 200 |            0s |             ::1 | POST  /refresh |"
time="2019-03-27T16:56:26+08:00" level=info msg="Shutdown Server ..." file-line="gracefullyStartorEnd.go:220"
time="2019-03-27T16:56:26+08:00" level=info msg="Server exiting" file-line="gracefullyStartorEnd.go:226"
time="2019-03-27T16:56:28+08:00" level=info msg=fefefe
time="2019-03-27T16:56:28+08:00" level=info msg=test file-line="gracefullyStartorEnd.go:192"
time="2019-03-27T16:56:28+08:00" level=info msg=msg file-line="gracefullyStartorEnd.go:193"
time="2019-03-27T16:56:28+08:00" level=info msg=dddd file-line="gracefullyStartorEnd.go:194"
time="2019-03-27T16:56:30+08:00" level=info msg="Now2019-03-27 16:56:30.5864723 +0800 CST m=+2.075976701" file-line="bHandler.go:172"
time="2019-03-27T16:56:30+08:00" level=info msg="2019-03-27 16:56:35.5864723 +0800 CST m=+7.075976701" file-line="bHandler.go:173"
time="2019-03-27T16:56:30+08:00" level=info msg="| 200 |       997.2µs |             ::1 | POST  /refresh |"
time="2019-03-27T16:57:17+08:00" level=info msg="Shutdown Server ..." file-line="gracefullyStartorEnd.go:220"
time="2019-03-27T16:57:17+08:00" level=info msg="Server exiting" file-line="gracefullyStartorEnd.go:226"
time="2019-03-27T16:57:18+08:00" level=info msg=fefefe
time="2019-03-27T16:57:18+08:00" level=info msg=test file-line="gracefullyStartorEnd.go:192"
time="2019-03-27T16:57:18+08:00" level=info msg=msg file-line="gracefullyStartorEnd.go:193"
time="2019-03-27T16:57:18+08:00" level=info msg=dddd file-line="gracefullyStartorEnd.go:194"
time="2019-03-27T16:57:22+08:00" level=info msg="Now2019-03-27 16:57:22.8744036 +0800 CST m=+4.054147901" file-line="bHandler.go:172"
time="2019-03-27T16:57:22+08:00" level=info msg="2019-03-27 17:02:22.8744036 +0800 CST m=+304.054147901" file-line="bHandler.go:173"
time="2019-03-27T16:57:22+08:00" level=info msg="| 200 |            0s |             ::1 | POST  /refresh |"
time="2019-03-27T17:05:13+08:00" level=info msg="| 401 |            0s |             ::1 | POST  /refresh |"
time="2019-03-27T17:05:19+08:00" level=info msg="| 200 |       997.3µs |             ::1 | POST  /login |"
time="2019-03-27T17:05:30+08:00" level=info msg="| 200 |            0s |             ::1 | POST  /login |"
time="2019-03-27T17:05:45+08:00" level=info msg="Now2019-03-27 17:05:45.5005346 +0800 CST m=+506.680278901" file-line="bHandler.go:172"
time="2019-03-27T17:05:45+08:00" level=info msg="2019-03-27 17:10:45.5005346 +0800 CST m=+806.680278901" file-line="bHandler.go:173"
time="2019-03-27T17:05:45+08:00" level=info msg="| 200 |            0s |             ::1 | POST  /refresh |"
time="2019-03-27T17:06:34+08:00" level=info msg="Shutdown Server ..." file-line="gracefullyStartorEnd.go:220"
time="2019-03-27T17:06:34+08:00" level=info msg="Server exiting" file-line="gracefullyStartorEnd.go:226"
time="2019-03-27T17:06:36+08:00" level=info msg=fefefe
time="2019-03-27T17:06:36+08:00" level=info msg=test file-line="gracefullyStartorEnd.go:192"
time="2019-03-27T17:06:36+08:00" level=info msg=msg file-line="gracefullyStartorEnd.go:193"
time="2019-03-27T17:06:36+08:00" level=info msg=dddd file-line="gracefullyStartorEnd.go:194"
time="2019-03-27T17:06:38+08:00" level=info msg="Now2019-03-27 17:06:38.4665779 +0800 CST m=+1.982081101" file-line="bHandler.go:172"
time="2019-03-27T17:06:38+08:00" level=info msg="2019-03-27 17:11:38.4665779 +0800 CST m=+301.982081101" file-line="bHandler.go:173"
time="2019-03-27T17:06:38+08:00" level=info msg="| 200 |       997.3µs |             ::1 | POST  /refresh |"
time="2019-03-27T17:07:04+08:00" level=info msg="Shutdown Server ..." file-line="gracefullyStartorEnd.go:220"
time="2019-03-27T17:07:04+08:00" level=info msg="Server exiting" file-line="gracefullyStartorEnd.go:226"
time="2019-03-27T17:07:05+08:00" level=info msg=fefefe
time="2019-03-27T17:07:05+08:00" level=info msg=test file-line="gracefullyStartorEnd.go:192"
time="2019-03-27T17:07:05+08:00" level=info msg=msg file-line="gracefullyStartorEnd.go:193"
time="2019-03-27T17:07:05+08:00" level=info msg=dddd file-line="gracefullyStartorEnd.go:194"
time="2019-03-27T17:07:12+08:00" level=info msg="Now2019-03-27 17:07:12.8005727 +0800 CST m=+6.840874501" file-line="bHandler.go:172"
time="2019-03-27T17:07:12+08:00" level=info msg="2019-03-27 17:12:12.8005727 +0800 CST m=+306.840874501" file-line="bHandler.go:173"
time="2019-03-27T17:07:12+08:00" level=info msg="| 200 |            0s |             ::1 | POST  /refresh |"
time="2019-03-27T17:21:10+08:00" level=info msg="Shutdown Server ..." file-line="gracefullyStartorEnd.go:220"
time="2019-03-27T17:21:10+08:00" level=info msg="Server exiting" file-line="gracefullyStartorEnd.go:226"
time="2019-03-27T17:21:12+08:00" level=info msg=fefefe
time="2019-03-27T17:21:12+08:00" level=info msg=test file-line="gracefullyStartorEnd.go:192"
time="2019-03-27T17:21:12+08:00" level=info msg=msg file-line="gracefullyStartorEnd.go:193"
time="2019-03-27T17:21:12+08:00" level=info msg=dddd file-line="gracefullyStartorEnd.go:194"
time="2019-03-27T17:22:06+08:00" level=info msg="| 500 |   26.3367422s |             ::1 | GET  /getb |"
time="2019-03-27T17:22:46+08:00" level=info msg="| 500 |   26.6318366s |             ::1 | GET  /getb |"
time="2019-03-27T17:24:02+08:00" level=info msg="| 500 |   43.1337283s |             ::1 | GET  /getb |"
time="2019-03-27T17:26:23+08:00" level=info msg=fefefe
time="2019-03-27T17:26:23+08:00" level=info msg=test file-line="gracefullyStartorEnd.go:192"
time="2019-03-27T17:26:23+08:00" level=info msg=msg file-line="gracefullyStartorEnd.go:193"
time="2019-03-27T17:26:23+08:00" level=info msg=dddd file-line="gracefullyStartorEnd.go:194"
time="2019-03-27T17:26:25+08:00" level=info msg="| 500 |      2.9915ms |             ::1 | GET  /getb |"
time="2019-03-27T17:26:30+08:00" level=info msg="Shutdown Server ..." file-line="gracefullyStartorEnd.go:220"
time="2019-03-27T17:26:30+08:00" level=info msg="Server exiting" file-line="gracefullyStartorEnd.go:226"
time="2019-03-27T17:26:32+08:00" level=info msg=fefefe
time="2019-03-27T17:26:32+08:00" level=info msg=test file-line="gracefullyStartorEnd.go:192"
time="2019-03-27T17:26:32+08:00" level=info msg=msg file-line="gracefullyStartorEnd.go:193"
time="2019-03-27T17:26:32+08:00" level=info msg=dddd file-line="gracefullyStartorEnd.go:194"
time="2019-03-27T17:26:46+08:00" level=info msg="| 500 |   12.5673193s |             ::1 | GET  /getb |"
time="2019-03-27T17:27:05+08:00" level=info msg="Shutdown Server ..." file-line="gracefullyStartorEnd.go:220"
time="2019-03-27T17:27:05+08:00" level=info msg="Server exiting" file-line="gracefullyStartorEnd.go:226"
time="2019-03-27T17:27:07+08:00" level=info msg=fefefe
time="2019-03-27T17:27:07+08:00" level=info msg=test file-line="gracefullyStartorEnd.go:192"
time="2019-03-27T17:27:07+08:00" level=info msg=msg file-line="gracefullyStartorEnd.go:193"
time="2019-03-27T17:27:07+08:00" level=info msg=dddd file-line="gracefullyStartorEnd.go:194"
time="2019-03-27T17:27:17+08:00" level=info msg="| 400 |    6.4880723s |             ::1 | GET  /getb |"
time="2019-03-27T17:27:36+08:00" level=info msg="| 200 |            0s |             ::1 | POST  /login |"
time="2019-03-27T17:28:37+08:00" level=info msg=fefefe
time="2019-03-27T17:28:37+08:00" level=info msg=test file-line="gracefullyStartorEnd.go:192"
time="2019-03-27T17:28:37+08:00" level=info msg=msg file-line="gracefullyStartorEnd.go:193"
time="2019-03-27T17:28:37+08:00" level=info msg=dddd file-line="gracefullyStartorEnd.go:194"
time="2019-03-27T17:29:05+08:00" level=info msg="| 401 |   26.4414043s |             ::1 | GET  /getb |"
time="2019-03-27T17:29:19+08:00" level=info msg="| 200 |       999.2µs |             ::1 | POST  /login |"
time="2019-03-27T17:29:50+08:00" level=info msg="| 200 |   15.2348045s |             ::1 | GET  /getb |"
time="2019-03-27T17:32:56+08:00" level=info msg="Shutdown Server ..." file-line="gracefullyStartorEnd.go:220"
time="2019-03-27T17:32:56+08:00" level=info msg="Server exiting" file-line="gracefullyStartorEnd.go:226"
time="2019-03-27T17:32:57+08:00" level=info msg=fefefe
time="2019-03-27T17:32:57+08:00" level=info msg=test file-line="gracefullyStartorEnd.go:192"
time="2019-03-27T17:32:57+08:00" level=info msg=msg file-line="gracefullyStartorEnd.go:193"
time="2019-03-27T17:32:57+08:00" level=info msg=dddd file-line="gracefullyStartorEnd.go:194"
time="2019-03-27T17:32:59+08:00" level=info msg="| 200 |            0s |             ::1 | GET  /getb |"
time="2019-03-27T17:33:00+08:00" level=info msg="| 200 |            0s |             ::1 | GET  /getb |"
time="2019-03-27T17:33:01+08:00" level=info msg="| 200 |            0s |             ::1 | GET  /getb |"
time="2019-03-27T17:33:41+08:00" level=info msg="Shutdown Server ..." file-line="gracefullyStartorEnd.go:220"
time="2019-03-27T17:33:41+08:00" level=info msg="Server exiting" file-line="gracefullyStartorEnd.go:226"
time="2019-03-27T17:33:42+08:00" level=info msg=fefefe
time="2019-03-27T17:33:42+08:00" level=info msg=test file-line="gracefullyStartorEnd.go:192"
time="2019-03-27T17:33:42+08:00" level=info msg=msg file-line="gracefullyStartorEnd.go:193"
time="2019-03-27T17:33:42+08:00" level=info msg=dddd file-line="gracefullyStartorEnd.go:194"
time="2019-03-27T17:33:44+08:00" level=info msg="令牌尚未过期" file-line="bHandler.go:244"
time="2019-03-27T17:33:44+08:00" level=info msg="| 200 |            0s |             ::1 | GET  /getb |"
time="2019-03-27T17:43:10+08:00" level=info msg="Shutdown Server ..." file-line="gracefullyStartorEnd.go:220"
time="2019-03-27T17:43:10+08:00" level=info msg="Server exiting" file-line="gracefullyStartorEnd.go:226"
time="2019-03-27T17:43:12+08:00" level=info msg=fefefe
time="2019-03-27T17:43:12+08:00" level=info msg=test file-line="gracefullyStartorEnd.go:192"
time="2019-03-27T17:43:12+08:00" level=info msg=msg file-line="gracefullyStartorEnd.go:193"
time="2019-03-27T17:43:12+08:00" level=info msg=dddd file-line="gracefullyStartorEnd.go:194"
time="2019-03-27T17:43:20+08:00" level=info msg="| 200 |            0s |             ::1 | GET  /getb |"
time="2019-03-27T18:03:59+08:00" level=info msg="Shutdown Server ..." file-line="gracefullyStartorEnd.go:220"
time="2019-03-27T18:03:59+08:00" level=info msg="Server exiting" file-line="gracefullyStartorEnd.go:226"
time="2019-03-27T18:04:01+08:00" level=info msg=fefefe
time="2019-03-27T18:04:01+08:00" level=info msg=test file-line="gracefullyStartorEnd.go:192"
time="2019-03-27T18:04:01+08:00" level=info msg=msg file-line="gracefullyStartorEnd.go:193"
time="2019-03-27T18:04:01+08:00" level=info msg=dddd file-line="gracefullyStartorEnd.go:194"
time="2019-03-27T18:04:11+08:00" level=info msg="| 200 |      1.0058ms |             ::1 | POST  /login |"
time="2019-03-27T18:04:30+08:00" level=info msg="| 200 |            0s |             ::1 | POST  /welcome |"
time="2019-03-27T18:04:34+08:00" level=info msg="| 400 |       995.8µs |             ::1 | GET  /getb |"
time="2019-03-27T18:04:40+08:00" level=info msg="| 400 |            0s |             ::1 | GET  /getb |"
time="2019-03-27T18:04:45+08:00" level=info msg="Now2019-03-27 18:04:45.1817255 +0800 CST m=+43.895603901" file-line="bHandler.go:172"
time="2019-03-27T18:04:45+08:00" level=info msg="2019-03-27 18:09:45.1817255 +0800 CST m=+343.895603901" file-line="bHandler.go:173"
time="2019-03-27T18:04:45+08:00" level=info msg="| 200 |            0s |             ::1 | POST  /refresh |"
time="2019-03-27T18:04:55+08:00" level=info msg="| 400 |       995.9µs |             ::1 | GET  /getb |"
time="2019-03-27T18:04:59+08:00" level=info msg="| 200 |            0s |             ::1 | POST  /welcome |"
time="2019-03-27T18:05:05+08:00" level=info msg="Shutdown Server ..." file-line="gracefullyStartorEnd.go:220"
time="2019-03-27T18:05:05+08:00" level=info msg="Server exiting" file-line="gracefullyStartorEnd.go:226"
time="2019-03-27T18:05:07+08:00" level=info msg=fefefe
time="2019-03-27T18:05:07+08:00" level=info msg=test file-line="gracefullyStartorEnd.go:192"
time="2019-03-27T18:05:07+08:00" level=info msg=msg file-line="gracefullyStartorEnd.go:193"
time="2019-03-27T18:05:07+08:00" level=info msg=dddd file-line="gracefullyStartorEnd.go:194"
time="2019-03-27T18:05:40+08:00" level=info msg=fefefe
time="2019-03-27T18:05:40+08:00" level=info msg=test file-line="gracefullyStartorEnd.go:192"
time="2019-03-27T18:05:40+08:00" level=info msg=msg file-line="gracefullyStartorEnd.go:193"
time="2019-03-27T18:05:40+08:00" level=info msg=dddd file-line="gracefullyStartorEnd.go:194"
time="2019-03-27T18:05:41+08:00" level=info msg="| 200 |            0s |             ::1 | GET  /getb |"
time="2019-03-27T18:05:45+08:00" level=info msg="Now2019-03-27 18:05:45.462253 +0800 CST m=+5.003812701" file-line="bHandler.go:172"
time="2019-03-27T18:05:45+08:00" level=info msg="2019-03-27 18:10:45.462253 +0800 CST m=+305.003812701" file-line="bHandler.go:173"
time="2019-03-27T18:05:45+08:00" level=info msg="| 200 |            0s |             ::1 | POST  /refresh |"
time="2019-03-27T18:06:00+08:00" level=info msg="| 200 |            0s |             ::1 | GET  /getb |"
time="2019-03-27T18:06:01+08:00" level=info msg="| 200 |            0s |             ::1 | GET  /getb |"
time="2019-03-27T18:06:02+08:00" level=info msg="| 200 |            0s |             ::1 | GET  /getb |"
time="2019-03-28T09:18:43+08:00" level=info msg=fefefe
time="2019-03-28T09:18:43+08:00" level=info msg=test file-line="gracefullyStartorEnd.go:192"
time="2019-03-28T09:18:43+08:00" level=info msg=msg file-line="gracefullyStartorEnd.go:193"
time="2019-03-28T09:18:43+08:00" level=info msg=dddd file-line="gracefullyStartorEnd.go:194"
time="2019-03-28T09:19:11+08:00" level=info msg="| 401 |            0s |             ::1 | GET  /getb |"
time="2019-03-28T09:19:15+08:00" level=info msg="| 401 |            0s |             ::1 | POST  /welcome |"
time="2019-03-28T09:19:19+08:00" level=info msg="| 200 |            0s |             ::1 | POST  /login |"
time="2019-03-28T09:19:23+08:00" level=info msg="| 401 |            0s |             ::1 | POST  /welcome |"
time="2019-03-28T09:19:55+08:00" level=info msg="| 200 |            0s |             ::1 | POST  /welcome |"
time="2019-03-28T09:20:59+08:00" level=info msg="| 200 |            0s |             ::1 | POST  /welcome |"
time="2019-03-28T09:21:09+08:00" level=info msg="| 200 |            0s |             ::1 | GET  /getb |"
time="2019-03-28T09:21:25+08:00" level=info msg="Now2019-03-28 09:21:25.8064067 +0800 CST m=+162.542415301" file-line="bHandler.go:172"
time="2019-03-28T09:21:25+08:00" level=info msg="2019-03-28 09:26:25.8064067 +0800 CST m=+462.542415301" file-line="bHandler.go:173"
time="2019-03-28T09:21:25+08:00" level=info msg="| 200 |            0s |             ::1 | POST  /refresh |"
time="2019-03-28T09:29:33+08:00" level=info msg="Shutdown Server ..." file-line="gracefullyStartorEnd.go:220"
time="2019-03-28T09:29:33+08:00" level=info msg="Server exiting" file-line="gracefullyStartorEnd.go:226"
time="2019-03-28T09:29:35+08:00" level=info msg=fefefe
time="2019-03-28T09:29:35+08:00" level=info msg=test file-line="gracefullyStartorEnd.go:192"
time="2019-03-28T09:29:35+08:00" level=info msg=msg file-line="gracefullyStartorEnd.go:193"
time="2019-03-28T09:29:35+08:00" level=info msg=dddd file-line="gracefullyStartorEnd.go:194"
time="2019-03-28T09:29:41+08:00" level=info msg="| 401 |            0s |             ::1 | POST  /refresh |"
time="2019-03-28T09:29:45+08:00" level=info msg="| 401 |            0s |             ::1 | GET  /getb |"
time="2019-03-28T09:30:06+08:00" level=info msg="Shutdown Server ..." file-line="gracefullyStartorEnd.go:220"
time="2019-03-28T09:30:06+08:00" level=info msg="Server exiting" file-line="gracefullyStartorEnd.go:226"
time="2019-03-28T09:30:08+08:00" level=info msg=fefefe
time="2019-03-28T09:30:08+08:00" level=info msg=test file-line="gracefullyStartorEnd.go:192"
time="2019-03-28T09:30:08+08:00" level=info msg=msg file-line="gracefullyStartorEnd.go:193"
time="2019-03-28T09:30:08+08:00" level=info msg=dddd file-line="gracefullyStartorEnd.go:194"
time="2019-03-28T09:30:11+08:00" level=info msg="| 401 |            0s |             ::1 | GET  /getb |"
time="2019-03-28T09:30:13+08:00" level=info msg="| 401 |            0s |             ::1 | GET  /getb |"
time="2019-03-28T09:30:16+08:00" level=info msg="| 200 |            0s |             ::1 | POST  /login |"
time="2019-03-28T09:30:28+08:00" level=info msg="| 200 |            0s |             ::1 | GET  /getb |"
time="2019-03-28T10:06:57+08:00" level=info msg="Shutdown Server ..." file-line="gracefullyStartorEnd.go:220"
time="2019-03-28T10:06:57+08:00" level=info msg="Server exiting" file-line="gracefullyStartorEnd.go:226"
time="2019-03-28T12:37:15+08:00" level=info msg=fefefe
time="2019-03-28T12:37:15+08:00" level=info msg=test file-line="gracefullyStartorEnd.go:192"
time="2019-03-28T12:37:15+08:00" level=info msg=msg file-line="gracefullyStartorEnd.go:193"
time="2019-03-28T12:37:15+08:00" level=info msg=dddd file-line="gracefullyStartorEnd.go:194"
time="2019-03-28T02:06:22-07:00" level=info msg=fefefe
time="2019-03-28T02:06:22-07:00" level=info msg=test file-line="gracefullyStartorEnd.go:192"
time="2019-03-28T02:06:22-07:00" level=info msg=msg file-line="gracefullyStartorEnd.go:193"
time="2019-03-28T02:06:22-07:00" level=info msg=dddd file-line="gracefullyStartorEnd.go:194"
